{"/Users/macbook/One Drive File/XfOrganization/Xf-Intern/backend/app.js": {"path":"/Users/macbook/One Drive File/XfOrganization/Xf-Intern/backend/app.js","statementMap":{"0":{"start":{"line":1,"column":16},"end":{"line":1,"column":34}},"1":{"start":{"line":2,"column":12},"end":{"line":2,"column":21}},"2":{"start":{"line":3,"column":19},"end":{"line":3,"column":41}},"3":{"start":{"line":4,"column":24},"end":{"line":4,"column":59}},"4":{"start":{"line":5,"column":20},"end":{"line":5,"column":51}},"5":{"start":{"line":6,"column":24},"end":{"line":6,"column":59}},"6":{"start":{"line":7,"column":21},"end":{"line":7,"column":45}},"7":{"start":{"line":8,"column":16},"end":{"line":8,"column":42}},"8":{"start":{"line":9,"column":13},"end":{"line":9,"column":28}},"9":{"start":{"line":10,"column":19},"end":{"line":10,"column":43}},"10":{"start":{"line":11,"column":0},"end":{"line":11,"column":24}},"11":{"start":{"line":12,"column":0},"end":{"line":12,"column":24}},"12":{"start":{"line":14,"column":0},"end":{"line":18,"column":4}},"13":{"start":{"line":21,"column":0},"end":{"line":25,"column":3}},"14":{"start":{"line":27,"column":0},"end":{"line":29,"column":3}},"15":{"start":{"line":33,"column":0},"end":{"line":33,"column":27}},"16":{"start":{"line":34,"column":0},"end":{"line":36,"column":5}},"17":{"start":{"line":35,"column":4},"end":{"line":35,"column":48}},"18":{"start":{"line":37,"column":0},"end":{"line":37,"column":35}},"19":{"start":{"line":38,"column":0},"end":{"line":38,"column":34}},"20":{"start":{"line":39,"column":0},"end":{"line":39,"column":37}},"21":{"start":{"line":41,"column":0},"end":{"line":43,"column":2}},"22":{"start":{"line":42,"column":4},"end":{"line":42,"column":29}},"23":{"start":{"line":45,"column":0},"end":{"line":45,"column":21}}},"fnMap":{"0":{"name":"(anonymous_0)","decl":{"start":{"line":34,"column":20},"end":{"line":34,"column":21}},"loc":{"start":{"line":34,"column":34},"end":{"line":36,"column":3}},"line":34},"1":{"name":"(anonymous_1)","decl":{"start":{"line":41,"column":12},"end":{"line":41,"column":13}},"loc":{"start":{"line":41,"column":23},"end":{"line":43,"column":1}},"line":41}},"branchMap":{},"s":{"0":1,"1":1,"2":1,"3":1,"4":1,"5":1,"6":1,"7":1,"8":1,"9":1,"10":1,"11":1,"12":1,"13":1,"14":1,"15":1,"16":1,"17":0,"18":1,"19":1,"20":1,"21":1,"22":0,"23":1},"f":{"0":0,"1":0},"b":{},"_coverageSchema":"1a1c01bbd47fc00a2c39e90264f33305004495a9","hash":"b9621ce5c97f6489f0aead1a42cff58b03558216"}
,"/Users/macbook/One Drive File/XfOrganization/Xf-Intern/backend/controller/adminController.js": {"path":"/Users/macbook/One Drive File/XfOrganization/Xf-Intern/backend/controller/adminController.js","statementMap":{"0":{"start":{"line":1,"column":16},"end":{"line":1,"column":48}},"1":{"start":{"line":2,"column":12},"end":{"line":2,"column":35}},"2":{"start":{"line":3,"column":15},"end":{"line":3,"column":32}},"3":{"start":{"line":4,"column":18},"end":{"line":4,"column":50}},"4":{"start":{"line":5,"column":28},"end":{"line":5,"column":67}},"5":{"start":{"line":6,"column":19},"end":{"line":6,"column":43}},"6":{"start":{"line":7,"column":23},"end":{"line":7,"column":38}},"7":{"start":{"line":8,"column":14},"end":{"line":8,"column":47}},"8":{"start":{"line":9,"column":16},"end":{"line":9,"column":38}},"9":{"start":{"line":10,"column":15},"end":{"line":10,"column":32}},"10":{"start":{"line":11,"column":13},"end":{"line":11,"column":45}},"11":{"start":{"line":16,"column":0},"end":{"line":59,"column":1}},"12":{"start":{"line":17,"column":4},"end":{"line":58,"column":5}},"13":{"start":{"line":18,"column":23},"end":{"line":18,"column":68}},"14":{"start":{"line":20,"column":25},"end":{"line":20,"column":67}},"15":{"start":{"line":21,"column":7},"end":{"line":26,"column":7}},"16":{"start":{"line":22,"column":8},"end":{"line":22,"column":61}},"17":{"start":{"line":23,"column":13},"end":{"line":26,"column":7}},"18":{"start":{"line":24,"column":8},"end":{"line":24,"column":77}},"19":{"start":{"line":27,"column":6},"end":{"line":27,"column":26}},"20":{"start":{"line":28,"column":6},"end":{"line":28,"column":30}},"21":{"start":{"line":32,"column":7},"end":{"line":32,"column":42}},"22":{"start":{"line":33,"column":7},"end":{"line":33,"column":29}},"23":{"start":{"line":35,"column":6},"end":{"line":37,"column":7}},"24":{"start":{"line":36,"column":8},"end":{"line":36,"column":18}},"25":{"start":{"line":40,"column":7},"end":{"line":44,"column":10}},"26":{"start":{"line":47,"column":8},"end":{"line":49,"column":13}},"27":{"start":{"line":52,"column":6},"end":{"line":52,"column":23}},"28":{"start":{"line":53,"column":8},"end":{"line":56,"column":12}},"29":{"start":{"line":61,"column":0},"end":{"line":98,"column":1}},"30":{"start":{"line":62,"column":4},"end":{"line":97,"column":5}},"31":{"start":{"line":64,"column":21},"end":{"line":64,"column":64}},"32":{"start":{"line":65,"column":8},"end":{"line":65,"column":25}},"33":{"start":{"line":66,"column":8},"end":{"line":66,"column":43}},"34":{"start":{"line":67,"column":8},"end":{"line":67,"column":30}},"35":{"start":{"line":68,"column":8},"end":{"line":68,"column":25}},"36":{"start":{"line":70,"column":8},"end":{"line":72,"column":9}},"37":{"start":{"line":71,"column":10},"end":{"line":71,"column":64}},"38":{"start":{"line":73,"column":8},"end":{"line":73,"column":28}},"39":{"start":{"line":74,"column":8},"end":{"line":76,"column":9}},"40":{"start":{"line":75,"column":10},"end":{"line":75,"column":20}},"41":{"start":{"line":78,"column":8},"end":{"line":82,"column":14}},"42":{"start":{"line":86,"column":8},"end":{"line":89,"column":13}},"43":{"start":{"line":92,"column":8},"end":{"line":95,"column":12}},"44":{"start":{"line":99,"column":0},"end":{"line":150,"column":1}},"45":{"start":{"line":100,"column":2},"end":{"line":149,"column":3}},"46":{"start":{"line":101,"column":4},"end":{"line":103,"column":5}},"47":{"start":{"line":102,"column":6},"end":{"line":102,"column":29}},"48":{"start":{"line":104,"column":14},"end":{"line":104,"column":34}},"49":{"start":{"line":110,"column":5},"end":{"line":112,"column":6}},"50":{"start":{"line":111,"column":10},"end":{"line":111,"column":62}},"51":{"start":{"line":114,"column":5},"end":{"line":125,"column":6}},"52":{"start":{"line":116,"column":24},"end":{"line":116,"column":32}},"53":{"start":{"line":117,"column":8},"end":{"line":117,"column":52}},"54":{"start":{"line":118,"column":18},"end":{"line":118,"column":26}},"55":{"start":{"line":119,"column":8},"end":{"line":119,"column":27}},"56":{"start":{"line":120,"column":9},"end":{"line":120,"column":47}},"57":{"start":{"line":123,"column":7},"end":{"line":123,"column":60}},"58":{"start":{"line":128,"column":6},"end":{"line":132,"column":12}},"59":{"start":{"line":134,"column":6},"end":{"line":134,"column":51}},"60":{"start":{"line":136,"column":6},"end":{"line":140,"column":11}},"61":{"start":{"line":143,"column":4},"end":{"line":143,"column":21}},"62":{"start":{"line":144,"column":6},"end":{"line":147,"column":10}},"63":{"start":{"line":152,"column":0},"end":{"line":181,"column":1}},"64":{"start":{"line":153,"column":4},"end":{"line":180,"column":5}},"65":{"start":{"line":155,"column":6},"end":{"line":157,"column":7}},"66":{"start":{"line":156,"column":8},"end":{"line":156,"column":66}},"67":{"start":{"line":160,"column":22},"end":{"line":160,"column":57}},"68":{"start":{"line":169,"column":8},"end":{"line":172,"column":13}},"69":{"start":{"line":175,"column":8},"end":{"line":178,"column":12}},"70":{"start":{"line":182,"column":0},"end":{"line":198,"column":1}},"71":{"start":{"line":183,"column":2},"end":{"line":197,"column":3}},"72":{"start":{"line":185,"column":4},"end":{"line":185,"column":68}},"73":{"start":{"line":185,"column":19},"end":{"line":185,"column":68}},"74":{"start":{"line":186,"column":4},"end":{"line":186,"column":29}},"75":{"start":{"line":187,"column":4},"end":{"line":190,"column":7}},"76":{"start":{"line":193,"column":4},"end":{"line":196,"column":7}},"77":{"start":{"line":199,"column":0},"end":{"line":199,"column":45}},"78":{"start":{"line":200,"column":0},"end":{"line":238,"column":1}},"79":{"start":{"line":201,"column":4},"end":{"line":237,"column":5}},"80":{"start":{"line":202,"column":42},"end":{"line":202,"column":50}},"81":{"start":{"line":203,"column":23},"end":{"line":203,"column":31}},"82":{"start":{"line":204,"column":22},"end":{"line":204,"column":38}},"83":{"start":{"line":205,"column":4},"end":{"line":207,"column":5}},"84":{"start":{"line":206,"column":6},"end":{"line":206,"column":58}},"85":{"start":{"line":208,"column":4},"end":{"line":218,"column":1}},"86":{"start":{"line":209,"column":4},"end":{"line":217,"column":3}},"87":{"start":{"line":211,"column":16},"end":{"line":211,"column":63}},"88":{"start":{"line":212,"column":18},"end":{"line":212,"column":64}},"89":{"start":{"line":213,"column":17},"end":{"line":215,"column":6}},"90":{"start":{"line":216,"column":4},"end":{"line":216,"column":34}},"91":{"start":{"line":219,"column":8},"end":{"line":223,"column":9}},"92":{"start":{"line":220,"column":12},"end":{"line":222,"column":13}},"93":{"start":{"line":225,"column":28},"end":{"line":225,"column":79}},"94":{"start":{"line":227,"column":8},"end":{"line":230,"column":13}},"95":{"start":{"line":233,"column":8},"end":{"line":236,"column":13}},"96":{"start":{"line":239,"column":0},"end":{"line":256,"column":1}},"97":{"start":{"line":240,"column":2},"end":{"line":255,"column":3}},"98":{"start":{"line":241,"column":22},"end":{"line":241,"column":40}},"99":{"start":{"line":243,"column":20},"end":{"line":243,"column":72}},"100":{"start":{"line":245,"column":6},"end":{"line":248,"column":11}},"101":{"start":{"line":250,"column":6},"end":{"line":253,"column":10}},"102":{"start":{"line":258,"column":0},"end":{"line":284,"column":1}},"103":{"start":{"line":259,"column":2},"end":{"line":283,"column":3}},"104":{"start":{"line":261,"column":4},"end":{"line":261,"column":29}},"105":{"start":{"line":262,"column":4},"end":{"line":264,"column":5}},"106":{"start":{"line":263,"column":6},"end":{"line":263,"column":32}},"107":{"start":{"line":267,"column":4},"end":{"line":269,"column":5}},"108":{"start":{"line":268,"column":6},"end":{"line":268,"column":65}},"109":{"start":{"line":270,"column":19},"end":{"line":270,"column":59}},"110":{"start":{"line":272,"column":31},"end":{"line":272,"column":62}},"111":{"start":{"line":274,"column":4},"end":{"line":274,"column":35}},"112":{"start":{"line":276,"column":4},"end":{"line":276,"column":11}},"113":{"start":{"line":279,"column":4},"end":{"line":282,"column":6}}},"fnMap":{"0":{"name":"(anonymous_0)","decl":{"start":{"line":16,"column":19},"end":{"line":16,"column":20}},"loc":{"start":{"line":16,"column":40},"end":{"line":59,"column":1}},"line":16},"1":{"name":"(anonymous_1)","decl":{"start":{"line":61,"column":16},"end":{"line":61,"column":17}},"loc":{"start":{"line":61,"column":37},"end":{"line":98,"column":1}},"line":61},"2":{"name":"(anonymous_2)","decl":{"start":{"line":99,"column":17},"end":{"line":99,"column":18}},"loc":{"start":{"line":99,"column":38},"end":{"line":150,"column":1}},"line":99},"3":{"name":"(anonymous_3)","decl":{"start":{"line":152,"column":25},"end":{"line":152,"column":26}},"loc":{"start":{"line":152,"column":46},"end":{"line":181,"column":1}},"line":152},"4":{"name":"(anonymous_4)","decl":{"start":{"line":182,"column":17},"end":{"line":182,"column":18}},"loc":{"start":{"line":182,"column":38},"end":{"line":198,"column":1}},"line":182},"5":{"name":"(anonymous_5)","decl":{"start":{"line":200,"column":24},"end":{"line":200,"column":25}},"loc":{"start":{"line":200,"column":48},"end":{"line":238,"column":1}},"line":200},"6":{"name":"(anonymous_6)","decl":{"start":{"line":239,"column":29},"end":{"line":239,"column":30}},"loc":{"start":{"line":239,"column":50},"end":{"line":256,"column":1}},"line":239},"7":{"name":"(anonymous_7)","decl":{"start":{"line":258,"column":26},"end":{"line":258,"column":27}},"loc":{"start":{"line":258,"column":49},"end":{"line":284,"column":1}},"line":258}},"branchMap":{"0":{"loc":{"start":{"line":21,"column":7},"end":{"line":26,"column":7}},"type":"if","locations":[{"start":{"line":21,"column":7},"end":{"line":26,"column":7}},{"start":{"line":23,"column":13},"end":{"line":26,"column":7}}],"line":21},"1":{"loc":{"start":{"line":23,"column":13},"end":{"line":26,"column":7}},"type":"if","locations":[{"start":{"line":23,"column":13},"end":{"line":26,"column":7}},{"start":{},"end":{}}],"line":23},"2":{"loc":{"start":{"line":35,"column":6},"end":{"line":37,"column":7}},"type":"if","locations":[{"start":{"line":35,"column":6},"end":{"line":37,"column":7}},{"start":{},"end":{}}],"line":35},"3":{"loc":{"start":{"line":70,"column":8},"end":{"line":72,"column":9}},"type":"if","locations":[{"start":{"line":70,"column":8},"end":{"line":72,"column":9}},{"start":{},"end":{}}],"line":70},"4":{"loc":{"start":{"line":74,"column":8},"end":{"line":76,"column":9}},"type":"if","locations":[{"start":{"line":74,"column":8},"end":{"line":76,"column":9}},{"start":{},"end":{}}],"line":74},"5":{"loc":{"start":{"line":101,"column":4},"end":{"line":103,"column":5}},"type":"if","locations":[{"start":{"line":101,"column":4},"end":{"line":103,"column":5}},{"start":{},"end":{}}],"line":101},"6":{"loc":{"start":{"line":110,"column":5},"end":{"line":112,"column":6}},"type":"if","locations":[{"start":{"line":110,"column":5},"end":{"line":112,"column":6}},{"start":{},"end":{}}],"line":110},"7":{"loc":{"start":{"line":114,"column":5},"end":{"line":125,"column":6}},"type":"if","locations":[{"start":{"line":114,"column":5},"end":{"line":125,"column":6}},{"start":{"line":122,"column":10},"end":{"line":125,"column":6}}],"line":114},"8":{"loc":{"start":{"line":155,"column":6},"end":{"line":157,"column":7}},"type":"if","locations":[{"start":{"line":155,"column":6},"end":{"line":157,"column":7}},{"start":{},"end":{}}],"line":155},"9":{"loc":{"start":{"line":185,"column":4},"end":{"line":185,"column":68}},"type":"if","locations":[{"start":{"line":185,"column":4},"end":{"line":185,"column":68}},{"start":{},"end":{}}],"line":185},"10":{"loc":{"start":{"line":205,"column":4},"end":{"line":207,"column":5}},"type":"if","locations":[{"start":{"line":205,"column":4},"end":{"line":207,"column":5}},{"start":{},"end":{}}],"line":205},"11":{"loc":{"start":{"line":208,"column":4},"end":{"line":218,"column":1}},"type":"if","locations":[{"start":{"line":208,"column":4},"end":{"line":218,"column":1}},{"start":{},"end":{}}],"line":208},"12":{"loc":{"start":{"line":209,"column":4},"end":{"line":217,"column":3}},"type":"if","locations":[{"start":{"line":209,"column":4},"end":{"line":217,"column":3}},{"start":{},"end":{}}],"line":209},"13":{"loc":{"start":{"line":219,"column":8},"end":{"line":223,"column":9}},"type":"if","locations":[{"start":{"line":219,"column":8},"end":{"line":223,"column":9}},{"start":{},"end":{}}],"line":219},"14":{"loc":{"start":{"line":219,"column":11},"end":{"line":219,"column":41}},"type":"binary-expr","locations":[{"start":{"line":219,"column":11},"end":{"line":219,"column":16}},{"start":{"line":219,"column":20},"end":{"line":219,"column":25}},{"start":{"line":219,"column":29},"end":{"line":219,"column":33}},{"start":{"line":219,"column":37},"end":{"line":219,"column":41}}],"line":219},"15":{"loc":{"start":{"line":262,"column":4},"end":{"line":264,"column":5}},"type":"if","locations":[{"start":{"line":262,"column":4},"end":{"line":264,"column":5}},{"start":{},"end":{}}],"line":262},"16":{"loc":{"start":{"line":267,"column":4},"end":{"line":269,"column":5}},"type":"if","locations":[{"start":{"line":267,"column":4},"end":{"line":269,"column":5}},{"start":{},"end":{}}],"line":267}},"s":{"0":1,"1":1,"2":1,"3":1,"4":1,"5":1,"6":1,"7":1,"8":1,"9":1,"10":1,"11":1,"12":0,"13":0,"14":0,"15":0,"16":0,"17":0,"18":0,"19":0,"20":0,"21":0,"22":0,"23":0,"24":0,"25":0,"26":0,"27":0,"28":0,"29":1,"30":0,"31":0,"32":0,"33":0,"34":0,"35":0,"36":0,"37":0,"38":0,"39":0,"40":0,"41":0,"42":0,"43":0,"44":1,"45":0,"46":0,"47":0,"48":0,"49":0,"50":0,"51":0,"52":0,"53":0,"54":0,"55":0,"56":0,"57":0,"58":0,"59":0,"60":0,"61":0,"62":0,"63":1,"64":0,"65":0,"66":0,"67":0,"68":0,"69":0,"70":1,"71":0,"72":0,"73":0,"74":0,"75":0,"76":0,"77":1,"78":1,"79":0,"80":0,"81":0,"82":0,"83":0,"84":0,"85":0,"86":0,"87":0,"88":0,"89":0,"90":0,"91":0,"92":0,"93":0,"94":0,"95":0,"96":1,"97":0,"98":0,"99":0,"100":0,"101":0,"102":1,"103":0,"104":0,"105":0,"106":0,"107":0,"108":0,"109":0,"110":0,"111":0,"112":0,"113":0},"f":{"0":0,"1":0,"2":0,"3":0,"4":0,"5":0,"6":0,"7":0},"b":{"0":[0,0],"1":[0,0],"2":[0,0],"3":[0,0],"4":[0,0],"5":[0,0],"6":[0,0],"7":[0,0],"8":[0,0],"9":[0,0],"10":[0,0],"11":[0,0],"12":[0,0],"13":[0,0],"14":[0,0,0,0],"15":[0,0],"16":[0,0]},"_coverageSchema":"1a1c01bbd47fc00a2c39e90264f33305004495a9","hash":"b0db545622c34e9840f10af5fca82877a3d322af"}
,"/Users/macbook/One Drive File/XfOrganization/Xf-Intern/backend/controller/adminPostController.js": {"path":"/Users/macbook/One Drive File/XfOrganization/Xf-Intern/backend/controller/adminPostController.js","statementMap":{"0":{"start":{"line":1,"column":18},"end":{"line":1,"column":36}},"1":{"start":{"line":2,"column":14},"end":{"line":2,"column":44}},"2":{"start":{"line":3,"column":18},"end":{"line":3,"column":52}},"3":{"start":{"line":4,"column":13},"end":{"line":4,"column":47}},"4":{"start":{"line":5,"column":16},"end":{"line":5,"column":48}},"5":{"start":{"line":6,"column":13},"end":{"line":6,"column":42}},"6":{"start":{"line":7,"column":18},"end":{"line":7,"column":45}},"7":{"start":{"line":8,"column":15},"end":{"line":8,"column":47}},"8":{"start":{"line":9,"column":11},"end":{"line":9,"column":21}},"9":{"start":{"line":10,"column":24},"end":{"line":17,"column":1}},"10":{"start":{"line":11,"column":4},"end":{"line":16,"column":7}},"11":{"start":{"line":18,"column":23},"end":{"line":24,"column":1}},"12":{"start":{"line":20,"column":4},"end":{"line":23,"column":6}},"13":{"start":{"line":25,"column":0},"end":{"line":48,"column":1}},"14":{"start":{"line":26,"column":4},"end":{"line":46,"column":5}},"15":{"start":{"line":28,"column":22},"end":{"line":28,"column":57}},"16":{"start":{"line":31,"column":20},"end":{"line":31,"column":34}},"17":{"start":{"line":32,"column":22},"end":{"line":32,"column":30}},"18":{"start":{"line":33,"column":4},"end":{"line":33,"column":32}},"19":{"start":{"line":34,"column":4},"end":{"line":34,"column":43}},"20":{"start":{"line":36,"column":17},"end":{"line":36,"column":45}},"21":{"start":{"line":38,"column":5},"end":{"line":38,"column":38}},"22":{"start":{"line":39,"column":5},"end":{"line":39,"column":28}},"23":{"start":{"line":41,"column":5},"end":{"line":41,"column":35}},"24":{"start":{"line":44,"column":8},"end":{"line":44,"column":36}},"25":{"start":{"line":49,"column":0},"end":{"line":72,"column":1}},"26":{"start":{"line":50,"column":4},"end":{"line":71,"column":5}},"27":{"start":{"line":51,"column":7},"end":{"line":53,"column":8}},"28":{"start":{"line":52,"column":8},"end":{"line":52,"column":53}},"29":{"start":{"line":56,"column":19},"end":{"line":56,"column":32}},"30":{"start":{"line":57,"column":26},"end":{"line":57,"column":57}},"31":{"start":{"line":59,"column":29},"end":{"line":59,"column":63}},"32":{"start":{"line":61,"column":8},"end":{"line":63,"column":9}},"33":{"start":{"line":62,"column":12},"end":{"line":62,"column":67}},"34":{"start":{"line":65,"column":21},"end":{"line":65,"column":84}},"35":{"start":{"line":68,"column":8},"end":{"line":68,"column":61}},"36":{"start":{"line":70,"column":8},"end":{"line":70,"column":36}},"37":{"start":{"line":73,"column":0},"end":{"line":90,"column":1}},"38":{"start":{"line":74,"column":4},"end":{"line":89,"column":5}},"39":{"start":{"line":76,"column":21},"end":{"line":76,"column":74}},"40":{"start":{"line":80,"column":8},"end":{"line":80,"column":27}},"41":{"start":{"line":86,"column":8},"end":{"line":86,"column":38}},"42":{"start":{"line":88,"column":8},"end":{"line":88,"column":36}},"43":{"start":{"line":91,"column":0},"end":{"line":111,"column":1}},"44":{"start":{"line":92,"column":4},"end":{"line":110,"column":5}},"45":{"start":{"line":93,"column":21},"end":{"line":95,"column":10}},"46":{"start":{"line":107,"column":8},"end":{"line":107,"column":39}},"47":{"start":{"line":109,"column":8},"end":{"line":109,"column":36}},"48":{"start":{"line":112,"column":0},"end":{"line":127,"column":1}},"49":{"start":{"line":113,"column":4},"end":{"line":126,"column":5}},"50":{"start":{"line":114,"column":26},"end":{"line":114,"column":57}},"51":{"start":{"line":115,"column":29},"end":{"line":115,"column":63}},"52":{"start":{"line":117,"column":8},"end":{"line":119,"column":9}},"53":{"start":{"line":118,"column":12},"end":{"line":118,"column":67}},"54":{"start":{"line":121,"column":8},"end":{"line":121,"column":52}},"55":{"start":{"line":123,"column":8},"end":{"line":123,"column":59}},"56":{"start":{"line":125,"column":8},"end":{"line":125,"column":36}},"57":{"start":{"line":130,"column":0},"end":{"line":144,"column":1}},"58":{"start":{"line":131,"column":4},"end":{"line":143,"column":5}},"59":{"start":{"line":132,"column":21},"end":{"line":132,"column":35}},"60":{"start":{"line":133,"column":8},"end":{"line":133,"column":26}},"61":{"start":{"line":135,"column":8},"end":{"line":135,"column":34}},"62":{"start":{"line":136,"column":8},"end":{"line":136,"column":37}},"63":{"start":{"line":137,"column":22},"end":{"line":139,"column":10}},"64":{"start":{"line":140,"column":8},"end":{"line":140,"column":38}},"65":{"start":{"line":142,"column":8},"end":{"line":142,"column":36}},"66":{"start":{"line":145,"column":0},"end":{"line":154,"column":1}},"67":{"start":{"line":146,"column":4},"end":{"line":153,"column":5}},"68":{"start":{"line":147,"column":21},"end":{"line":147,"column":36}},"69":{"start":{"line":148,"column":8},"end":{"line":148,"column":26}},"70":{"start":{"line":149,"column":22},"end":{"line":149,"column":53}},"71":{"start":{"line":150,"column":8},"end":{"line":150,"column":38}},"72":{"start":{"line":152,"column":8},"end":{"line":152,"column":36}},"73":{"start":{"line":157,"column":0},"end":{"line":181,"column":1}},"74":{"start":{"line":158,"column":4},"end":{"line":180,"column":5}},"75":{"start":{"line":159,"column":19},"end":{"line":159,"column":32}},"76":{"start":{"line":160,"column":21},"end":{"line":160,"column":44}},"77":{"start":{"line":161,"column":26},"end":{"line":161,"column":61}},"78":{"start":{"line":163,"column":8},"end":{"line":165,"column":9}},"79":{"start":{"line":164,"column":12},"end":{"line":164,"column":70}},"80":{"start":{"line":166,"column":22},"end":{"line":166,"column":75}},"81":{"start":{"line":177,"column":8},"end":{"line":177,"column":38}},"82":{"start":{"line":179,"column":8},"end":{"line":179,"column":36}},"83":{"start":{"line":187,"column":0},"end":{"line":222,"column":1}},"84":{"start":{"line":188,"column":4},"end":{"line":221,"column":5}},"85":{"start":{"line":189,"column":20},"end":{"line":189,"column":55}},"86":{"start":{"line":190,"column":6},"end":{"line":190,"column":24}},"87":{"start":{"line":191,"column":34},"end":{"line":191,"column":42}},"88":{"start":{"line":193,"column":28},"end":{"line":194,"column":35}},"89":{"start":{"line":195,"column":30},"end":{"line":195,"column":50}},"90":{"start":{"line":196,"column":6},"end":{"line":200,"column":7}},"91":{"start":{"line":197,"column":8},"end":{"line":197,"column":84}},"92":{"start":{"line":198,"column":12},"end":{"line":200,"column":7}},"93":{"start":{"line":199,"column":8},"end":{"line":199,"column":59}},"94":{"start":{"line":201,"column":6},"end":{"line":201,"column":36}},"95":{"start":{"line":202,"column":6},"end":{"line":202,"column":27}},"96":{"start":{"line":205,"column":23},"end":{"line":205,"column":64}},"97":{"start":{"line":206,"column":6},"end":{"line":210,"column":8}},"98":{"start":{"line":211,"column":6},"end":{"line":214,"column":8}},"99":{"start":{"line":216,"column":8},"end":{"line":216,"column":25}},"100":{"start":{"line":217,"column":6},"end":{"line":220,"column":9}},"101":{"start":{"line":228,"column":0},"end":{"line":240,"column":3}},"102":{"start":{"line":229,"column":4},"end":{"line":239,"column":5}},"103":{"start":{"line":231,"column":39},"end":{"line":231,"column":47}},"104":{"start":{"line":233,"column":29},"end":{"line":234,"column":58}},"105":{"start":{"line":235,"column":9},"end":{"line":235,"column":35}},"106":{"start":{"line":236,"column":8},"end":{"line":236,"column":46}},"107":{"start":{"line":238,"column":8},"end":{"line":238,"column":36}},"108":{"start":{"line":241,"column":2},"end":{"line":277,"column":3}},"109":{"start":{"line":242,"column":4},"end":{"line":276,"column":5}},"110":{"start":{"line":243,"column":6},"end":{"line":243,"column":37}},"111":{"start":{"line":244,"column":6},"end":{"line":244,"column":34}},"112":{"start":{"line":245,"column":28},"end":{"line":245,"column":36}},"113":{"start":{"line":246,"column":20},"end":{"line":246,"column":22}},"114":{"start":{"line":247,"column":7},"end":{"line":261,"column":9}},"115":{"start":{"line":262,"column":6},"end":{"line":262,"column":27}},"116":{"start":{"line":264,"column":6},"end":{"line":267,"column":8}},"117":{"start":{"line":271,"column":6},"end":{"line":274,"column":8}},"118":{"start":{"line":278,"column":2},"end":{"line":344,"column":3}},"119":{"start":{"line":279,"column":4},"end":{"line":343,"column":5}},"120":{"start":{"line":281,"column":19},"end":{"line":281,"column":21}},"121":{"start":{"line":282,"column":28},"end":{"line":282,"column":36}},"122":{"start":{"line":283,"column":6},"end":{"line":331,"column":8}},"123":{"start":{"line":333,"column":6},"end":{"line":336,"column":8}},"124":{"start":{"line":339,"column":6},"end":{"line":342,"column":8}}},"fnMap":{"0":{"name":"(anonymous_0)","decl":{"start":{"line":10,"column":24},"end":{"line":10,"column":25}},"loc":{"start":{"line":10,"column":55},"end":{"line":17,"column":1}},"line":10},"1":{"name":"(anonymous_1)","decl":{"start":{"line":18,"column":23},"end":{"line":18,"column":24}},"loc":{"start":{"line":18,"column":53},"end":{"line":24,"column":1}},"line":18},"2":{"name":"(anonymous_2)","decl":{"start":{"line":25,"column":20},"end":{"line":25,"column":21}},"loc":{"start":{"line":25,"column":42},"end":{"line":48,"column":1}},"line":25},"3":{"name":"(anonymous_3)","decl":{"start":{"line":49,"column":21},"end":{"line":49,"column":22}},"loc":{"start":{"line":49,"column":43},"end":{"line":72,"column":1}},"line":49},"4":{"name":"(anonymous_4)","decl":{"start":{"line":73,"column":19},"end":{"line":73,"column":20}},"loc":{"start":{"line":73,"column":41},"end":{"line":90,"column":1}},"line":73},"5":{"name":"(anonymous_5)","decl":{"start":{"line":91,"column":22},"end":{"line":91,"column":23}},"loc":{"start":{"line":91,"column":44},"end":{"line":111,"column":1}},"line":91},"6":{"name":"(anonymous_6)","decl":{"start":{"line":112,"column":21},"end":{"line":112,"column":22}},"loc":{"start":{"line":112,"column":43},"end":{"line":127,"column":1}},"line":112},"7":{"name":"(anonymous_7)","decl":{"start":{"line":130,"column":28},"end":{"line":130,"column":29}},"loc":{"start":{"line":130,"column":50},"end":{"line":144,"column":1}},"line":130},"8":{"name":"(anonymous_8)","decl":{"start":{"line":145,"column":29},"end":{"line":145,"column":30}},"loc":{"start":{"line":145,"column":51},"end":{"line":154,"column":1}},"line":145},"9":{"name":"(anonymous_9)","decl":{"start":{"line":157,"column":28},"end":{"line":157,"column":29}},"loc":{"start":{"line":157,"column":50},"end":{"line":181,"column":1}},"line":157},"10":{"name":"(anonymous_10)","decl":{"start":{"line":187,"column":23},"end":{"line":187,"column":24}},"loc":{"start":{"line":187,"column":44},"end":{"line":222,"column":1}},"line":187},"11":{"name":"(anonymous_11)","decl":{"start":{"line":228,"column":29},"end":{"line":228,"column":30}},"loc":{"start":{"line":228,"column":51},"end":{"line":240,"column":3}},"line":228},"12":{"name":"(anonymous_12)","decl":{"start":{"line":241,"column":24},"end":{"line":241,"column":25}},"loc":{"start":{"line":241,"column":45},"end":{"line":277,"column":3}},"line":241},"13":{"name":"(anonymous_13)","decl":{"start":{"line":278,"column":25},"end":{"line":278,"column":26}},"loc":{"start":{"line":278,"column":46},"end":{"line":344,"column":3}},"line":278}},"branchMap":{"0":{"loc":{"start":{"line":10,"column":36},"end":{"line":10,"column":52}},"type":"default-arg","locations":[{"start":{"line":10,"column":49},"end":{"line":10,"column":52}}],"line":10},"1":{"loc":{"start":{"line":18,"column":34},"end":{"line":18,"column":50}},"type":"default-arg","locations":[{"start":{"line":18,"column":47},"end":{"line":18,"column":50}}],"line":18},"2":{"loc":{"start":{"line":51,"column":7},"end":{"line":53,"column":8}},"type":"if","locations":[{"start":{"line":51,"column":7},"end":{"line":53,"column":8}},{"start":{},"end":{}}],"line":51},"3":{"loc":{"start":{"line":61,"column":8},"end":{"line":63,"column":9}},"type":"if","locations":[{"start":{"line":61,"column":8},"end":{"line":63,"column":9}},{"start":{},"end":{}}],"line":61},"4":{"loc":{"start":{"line":117,"column":8},"end":{"line":119,"column":9}},"type":"if","locations":[{"start":{"line":117,"column":8},"end":{"line":119,"column":9}},{"start":{},"end":{}}],"line":117},"5":{"loc":{"start":{"line":163,"column":8},"end":{"line":165,"column":9}},"type":"if","locations":[{"start":{"line":163,"column":8},"end":{"line":165,"column":9}},{"start":{},"end":{}}],"line":163},"6":{"loc":{"start":{"line":196,"column":6},"end":{"line":200,"column":7}},"type":"if","locations":[{"start":{"line":196,"column":6},"end":{"line":200,"column":7}},{"start":{"line":198,"column":12},"end":{"line":200,"column":7}}],"line":196},"7":{"loc":{"start":{"line":198,"column":12},"end":{"line":200,"column":7}},"type":"if","locations":[{"start":{"line":198,"column":12},"end":{"line":200,"column":7}},{"start":{},"end":{}}],"line":198}},"s":{"0":2,"1":2,"2":2,"3":2,"4":2,"5":2,"6":2,"7":2,"8":2,"9":2,"10":0,"11":2,"12":0,"13":2,"14":0,"15":0,"16":0,"17":0,"18":0,"19":0,"20":0,"21":0,"22":0,"23":0,"24":0,"25":2,"26":0,"27":0,"28":0,"29":0,"30":0,"31":0,"32":0,"33":0,"34":0,"35":0,"36":0,"37":2,"38":0,"39":0,"40":0,"41":0,"42":0,"43":2,"44":0,"45":0,"46":0,"47":0,"48":2,"49":0,"50":0,"51":0,"52":0,"53":0,"54":0,"55":0,"56":0,"57":2,"58":0,"59":0,"60":0,"61":0,"62":0,"63":0,"64":0,"65":0,"66":2,"67":0,"68":0,"69":0,"70":0,"71":0,"72":0,"73":2,"74":0,"75":0,"76":0,"77":0,"78":0,"79":0,"80":0,"81":0,"82":0,"83":2,"84":0,"85":0,"86":0,"87":0,"88":0,"89":0,"90":0,"91":0,"92":0,"93":0,"94":0,"95":0,"96":0,"97":0,"98":0,"99":0,"100":0,"101":2,"102":0,"103":0,"104":0,"105":0,"106":0,"107":0,"108":2,"109":0,"110":0,"111":0,"112":0,"113":0,"114":0,"115":0,"116":0,"117":0,"118":2,"119":0,"120":0,"121":0,"122":0,"123":0,"124":0},"f":{"0":0,"1":0,"2":0,"3":0,"4":0,"5":0,"6":0,"7":0,"8":0,"9":0,"10":0,"11":0,"12":0,"13":0},"b":{"0":[0],"1":[0],"2":[0,0],"3":[0,0],"4":[0,0],"5":[0,0],"6":[0,0],"7":[0,0]},"_coverageSchema":"1a1c01bbd47fc00a2c39e90264f33305004495a9","hash":"fa40c87d8618e1fac5f950579429c4bb32130616"}
,"/Users/macbook/One Drive File/XfOrganization/Xf-Intern/backend/controller/appliedController.js": {"path":"/Users/macbook/One Drive File/XfOrganization/Xf-Intern/backend/controller/appliedController.js","statementMap":{"0":{"start":{"line":1,"column":16},"end":{"line":1,"column":48}},"1":{"start":{"line":2,"column":13},"end":{"line":2,"column":42}},"2":{"start":{"line":3,"column":18},"end":{"line":3,"column":52}},"3":{"start":{"line":4,"column":18},"end":{"line":4,"column":45}},"4":{"start":{"line":5,"column":14},"end":{"line":5,"column":44}},"5":{"start":{"line":6,"column":15},"end":{"line":6,"column":47}},"6":{"start":{"line":7,"column":0},"end":{"line":52,"column":1}},"7":{"start":{"line":8,"column":4},"end":{"line":51,"column":7}},"8":{"start":{"line":9,"column":24},"end":{"line":9,"column":36}},"9":{"start":{"line":10,"column":57},"end":{"line":10,"column":65}},"10":{"start":{"line":11,"column":23},"end":{"line":11,"column":58}},"11":{"start":{"line":12,"column":8},"end":{"line":14,"column":9}},"12":{"start":{"line":13,"column":10},"end":{"line":13,"column":59}},"13":{"start":{"line":15,"column":20},"end":{"line":15,"column":66}},"14":{"start":{"line":17,"column":21},"end":{"line":17,"column":50}},"15":{"start":{"line":18,"column":24},"end":{"line":19,"column":30}},"16":{"start":{"line":21,"column":8},"end":{"line":23,"column":9}},"17":{"start":{"line":22,"column":10},"end":{"line":22,"column":67}},"18":{"start":{"line":24,"column":24},"end":{"line":24,"column":43}},"19":{"start":{"line":26,"column":29},"end":{"line":26,"column":83}},"20":{"start":{"line":28,"column":8},"end":{"line":28,"column":38}},"21":{"start":{"line":29,"column":8},"end":{"line":29,"column":26}},"22":{"start":{"line":31,"column":8},"end":{"line":38,"column":12}},"23":{"start":{"line":41,"column":8},"end":{"line":44,"column":11}},"24":{"start":{"line":47,"column":8},"end":{"line":50,"column":11}},"25":{"start":{"line":53,"column":0},"end":{"line":72,"column":1}},"26":{"start":{"line":54,"column":4},"end":{"line":71,"column":5}},"27":{"start":{"line":55,"column":20},"end":{"line":55,"column":40}},"28":{"start":{"line":56,"column":8},"end":{"line":58,"column":9}},"29":{"start":{"line":57,"column":12},"end":{"line":57,"column":54}},"30":{"start":{"line":60,"column":20},"end":{"line":60,"column":46}},"31":{"start":{"line":61,"column":8},"end":{"line":64,"column":11}},"32":{"start":{"line":67,"column":8},"end":{"line":70,"column":11}},"33":{"start":{"line":82,"column":0},"end":{"line":165,"column":1}},"34":{"start":{"line":83,"column":2},"end":{"line":164,"column":3}},"35":{"start":{"line":88,"column":18},"end":{"line":88,"column":26}},"36":{"start":{"line":89,"column":6},"end":{"line":91,"column":7}},"37":{"start":{"line":90,"column":8},"end":{"line":90,"column":49}},"38":{"start":{"line":92,"column":19},"end":{"line":92,"column":48}},"39":{"start":{"line":94,"column":27},"end":{"line":95,"column":37}},"40":{"start":{"line":98,"column":8},"end":{"line":100,"column":9}},"41":{"start":{"line":99,"column":10},"end":{"line":99,"column":45}},"42":{"start":{"line":101,"column":19},"end":{"line":115,"column":6}},"43":{"start":{"line":120,"column":4},"end":{"line":120,"column":35}},"44":{"start":{"line":121,"column":4},"end":{"line":121,"column":22}},"45":{"start":{"line":123,"column":22},"end":{"line":123,"column":51}},"46":{"start":{"line":125,"column":4},"end":{"line":125,"column":39}},"47":{"start":{"line":126,"column":4},"end":{"line":126,"column":27}},"48":{"start":{"line":131,"column":24},"end":{"line":131,"column":69}},"49":{"start":{"line":133,"column":4},"end":{"line":151,"column":4}},"50":{"start":{"line":135,"column":6},"end":{"line":142,"column":8}},"51":{"start":{"line":144,"column":4},"end":{"line":150,"column":7}},"52":{"start":{"line":153,"column":4},"end":{"line":156,"column":6}},"53":{"start":{"line":159,"column":4},"end":{"line":162,"column":6}}},"fnMap":{"0":{"name":"(anonymous_0)","decl":{"start":{"line":7,"column":24},"end":{"line":7,"column":25}},"loc":{"start":{"line":7,"column":45},"end":{"line":52,"column":1}},"line":7},"1":{"name":"(anonymous_1)","decl":{"start":{"line":53,"column":24},"end":{"line":53,"column":25}},"loc":{"start":{"line":53,"column":45},"end":{"line":72,"column":1}},"line":53},"2":{"name":"(anonymous_2)","decl":{"start":{"line":82,"column":22},"end":{"line":82,"column":23}},"loc":{"start":{"line":82,"column":44},"end":{"line":165,"column":1}},"line":82}},"branchMap":{"0":{"loc":{"start":{"line":12,"column":8},"end":{"line":14,"column":9}},"type":"if","locations":[{"start":{"line":12,"column":8},"end":{"line":14,"column":9}},{"start":{},"end":{}}],"line":12},"1":{"loc":{"start":{"line":21,"column":8},"end":{"line":23,"column":9}},"type":"if","locations":[{"start":{"line":21,"column":8},"end":{"line":23,"column":9}},{"start":{},"end":{}}],"line":21},"2":{"loc":{"start":{"line":56,"column":8},"end":{"line":58,"column":9}},"type":"if","locations":[{"start":{"line":56,"column":8},"end":{"line":58,"column":9}},{"start":{},"end":{}}],"line":56},"3":{"loc":{"start":{"line":60,"column":20},"end":{"line":60,"column":46}},"type":"binary-expr","locations":[{"start":{"line":60,"column":20},"end":{"line":60,"column":35}},{"start":{"line":60,"column":39},"end":{"line":60,"column":46}}],"line":60},"4":{"loc":{"start":{"line":89,"column":6},"end":{"line":91,"column":7}},"type":"if","locations":[{"start":{"line":89,"column":6},"end":{"line":91,"column":7}},{"start":{},"end":{}}],"line":89},"5":{"loc":{"start":{"line":98,"column":8},"end":{"line":100,"column":9}},"type":"if","locations":[{"start":{"line":98,"column":8},"end":{"line":100,"column":9}},{"start":{},"end":{}}],"line":98},"6":{"loc":{"start":{"line":133,"column":4},"end":{"line":151,"column":4}},"type":"if","locations":[{"start":{"line":133,"column":4},"end":{"line":151,"column":4}},{"start":{},"end":{}}],"line":133}},"s":{"0":1,"1":1,"2":1,"3":1,"4":1,"5":1,"6":1,"7":0,"8":0,"9":0,"10":0,"11":0,"12":0,"13":0,"14":0,"15":0,"16":0,"17":0,"18":0,"19":0,"20":0,"21":0,"22":0,"23":0,"24":0,"25":1,"26":0,"27":0,"28":0,"29":0,"30":0,"31":0,"32":0,"33":1,"34":1,"35":1,"36":1,"37":0,"38":1,"39":1,"40":1,"41":0,"42":1,"43":1,"44":1,"45":1,"46":1,"47":1,"48":1,"49":1,"50":0,"51":0,"52":1,"53":0},"f":{"0":0,"1":0,"2":1},"b":{"0":[0,0],"1":[0,0],"2":[0,0],"3":[0,0],"4":[0,1],"5":[0,1],"6":[0,1]},"_coverageSchema":"1a1c01bbd47fc00a2c39e90264f33305004495a9","hash":"b0df62e27bd406b9e8f5fd99ef897da6c2051b03"}
,"/Users/macbook/One Drive File/XfOrganization/Xf-Intern/backend/controller/experienceController.js": {"path":"/Users/macbook/One Drive File/XfOrganization/Xf-Intern/backend/controller/experienceController.js","statementMap":{"0":{"start":{"line":1,"column":19},"end":{"line":1,"column":53}},"1":{"start":{"line":2,"column":13},"end":{"line":2,"column":42}},"2":{"start":{"line":4,"column":0},"end":{"line":26,"column":1}},"3":{"start":{"line":5,"column":4},"end":{"line":25,"column":7}},"4":{"start":{"line":6,"column":20},"end":{"line":6,"column":53}},"5":{"start":{"line":8,"column":21},"end":{"line":8,"column":50}},"6":{"start":{"line":9,"column":23},"end":{"line":9,"column":38}},"7":{"start":{"line":10,"column":8},"end":{"line":10,"column":65}},"8":{"start":{"line":11,"column":8},"end":{"line":11,"column":41}},"9":{"start":{"line":12,"column":8},"end":{"line":12,"column":26}},"10":{"start":{"line":15,"column":8},"end":{"line":18,"column":11}},"11":{"start":{"line":21,"column":8},"end":{"line":24,"column":11}}},"fnMap":{"0":{"name":"(anonymous_0)","decl":{"start":{"line":4,"column":20},"end":{"line":4,"column":21}},"loc":{"start":{"line":4,"column":41},"end":{"line":26,"column":1}},"line":4}},"branchMap":{},"s":{"0":1,"1":1,"2":1,"3":0,"4":0,"5":0,"6":0,"7":0,"8":0,"9":0,"10":0,"11":0},"f":{"0":0},"b":{},"_coverageSchema":"1a1c01bbd47fc00a2c39e90264f33305004495a9","hash":"6dd2d79f78dac887295e93e50cf4fc5b2a514530"}
,"/Users/macbook/One Drive File/XfOrganization/Xf-Intern/backend/controller/profileController.js": {"path":"/Users/macbook/One Drive File/XfOrganization/Xf-Intern/backend/controller/profileController.js","statementMap":{"0":{"start":{"line":1,"column":15},"end":{"line":1,"column":32}},"1":{"start":{"line":2,"column":19},"end":{"line":2,"column":43}},"2":{"start":{"line":3,"column":16},"end":{"line":3,"column":48}},"3":{"start":{"line":4,"column":13},"end":{"line":4,"column":42}},"4":{"start":{"line":6,"column":16},"end":{"line":6,"column":38}},"5":{"start":{"line":7,"column":15},"end":{"line":7,"column":32}},"6":{"start":{"line":10,"column":0},"end":{"line":10,"column":41}},"7":{"start":{"line":12,"column":0},"end":{"line":62,"column":1}},"8":{"start":{"line":13,"column":4},"end":{"line":61,"column":5}},"9":{"start":{"line":19,"column":8},"end":{"line":19,"column":16}},"10":{"start":{"line":31,"column":4},"end":{"line":33,"column":5}},"11":{"start":{"line":32,"column":6},"end":{"line":32,"column":40}},"12":{"start":{"line":34,"column":16},"end":{"line":34,"column":19}},"13":{"start":{"line":36,"column":19},"end":{"line":38,"column":77}},"14":{"start":{"line":41,"column":24},"end":{"line":41,"column":54}},"15":{"start":{"line":43,"column":21},"end":{"line":43,"column":50}},"16":{"start":{"line":44,"column":7},"end":{"line":44,"column":31}},"17":{"start":{"line":45,"column":8},"end":{"line":45,"column":65}},"18":{"start":{"line":47,"column":8},"end":{"line":47,"column":34}},"19":{"start":{"line":48,"column":8},"end":{"line":48,"column":26}},"20":{"start":{"line":50,"column":8},"end":{"line":53,"column":11}},"21":{"start":{"line":55,"column":8},"end":{"line":60,"column":12}},"22":{"start":{"line":64,"column":0},"end":{"line":103,"column":1}},"23":{"start":{"line":65,"column":2},"end":{"line":102,"column":5}},"24":{"start":{"line":67,"column":24},"end":{"line":67,"column":26}},"25":{"start":{"line":69,"column":17},"end":{"line":69,"column":46}},"26":{"start":{"line":73,"column":4},"end":{"line":81,"column":5}},"27":{"start":{"line":74,"column":16},"end":{"line":74,"column":63}},"28":{"start":{"line":75,"column":18},"end":{"line":75,"column":64}},"29":{"start":{"line":76,"column":17},"end":{"line":78,"column":6}},"30":{"start":{"line":79,"column":4},"end":{"line":79,"column":33}},"31":{"start":{"line":80,"column":4},"end":{"line":80,"column":40}},"32":{"start":{"line":85,"column":21},"end":{"line":88,"column":8}},"33":{"start":{"line":91,"column":8},"end":{"line":94,"column":11}},"34":{"start":{"line":96,"column":8},"end":{"line":101,"column":12}}},"fnMap":{"0":{"name":"(anonymous_0)","decl":{"start":{"line":12,"column":20},"end":{"line":12,"column":21}},"loc":{"start":{"line":12,"column":41},"end":{"line":62,"column":1}},"line":12},"1":{"name":"(anonymous_1)","decl":{"start":{"line":64,"column":21},"end":{"line":64,"column":22}},"loc":{"start":{"line":64,"column":42},"end":{"line":103,"column":1}},"line":64}},"branchMap":{"0":{"loc":{"start":{"line":31,"column":4},"end":{"line":33,"column":5}},"type":"if","locations":[{"start":{"line":31,"column":4},"end":{"line":33,"column":5}},{"start":{},"end":{}}],"line":31},"1":{"loc":{"start":{"line":36,"column":28},"end":{"line":36,"column":40}},"type":"cond-expr","locations":[{"start":{"line":36,"column":35},"end":{"line":36,"column":36}},{"start":{"line":36,"column":39},"end":{"line":36,"column":40}}],"line":36},"2":{"loc":{"start":{"line":36,"column":47},"end":{"line":36,"column":61}},"type":"cond-expr","locations":[{"start":{"line":36,"column":56},"end":{"line":36,"column":57}},{"start":{"line":36,"column":60},"end":{"line":36,"column":61}}],"line":36},"3":{"loc":{"start":{"line":36,"column":66},"end":{"line":36,"column":82}},"type":"cond-expr","locations":[{"start":{"line":36,"column":77},"end":{"line":36,"column":78}},{"start":{"line":36,"column":81},"end":{"line":36,"column":82}}],"line":36},"4":{"loc":{"start":{"line":36,"column":87},"end":{"line":36,"column":101}},"type":"cond-expr","locations":[{"start":{"line":36,"column":96},"end":{"line":36,"column":97}},{"start":{"line":36,"column":100},"end":{"line":36,"column":101}}],"line":36},"5":{"loc":{"start":{"line":37,"column":5},"end":{"line":37,"column":25}},"type":"cond-expr","locations":[{"start":{"line":37,"column":20},"end":{"line":37,"column":21}},{"start":{"line":37,"column":24},"end":{"line":37,"column":25}}],"line":37},"6":{"loc":{"start":{"line":37,"column":30},"end":{"line":37,"column":42}},"type":"cond-expr","locations":[{"start":{"line":37,"column":37},"end":{"line":37,"column":38}},{"start":{"line":37,"column":41},"end":{"line":37,"column":42}}],"line":37},"7":{"loc":{"start":{"line":37,"column":47},"end":{"line":37,"column":60}},"type":"cond-expr","locations":[{"start":{"line":37,"column":55},"end":{"line":37,"column":56}},{"start":{"line":37,"column":59},"end":{"line":37,"column":60}}],"line":37},"8":{"loc":{"start":{"line":37,"column":65},"end":{"line":37,"column":76}},"type":"cond-expr","locations":[{"start":{"line":37,"column":71},"end":{"line":37,"column":72}},{"start":{"line":37,"column":75},"end":{"line":37,"column":76}}],"line":37},"9":{"loc":{"start":{"line":37,"column":81},"end":{"line":37,"column":97}},"type":"cond-expr","locations":[{"start":{"line":37,"column":91},"end":{"line":37,"column":92}},{"start":{"line":37,"column":96},"end":{"line":37,"column":97}}],"line":37},"10":{"loc":{"start":{"line":38,"column":6},"end":{"line":38,"column":33}},"type":"cond-expr","locations":[{"start":{"line":38,"column":28},"end":{"line":38,"column":29}},{"start":{"line":38,"column":32},"end":{"line":38,"column":33}}],"line":38},"11":{"loc":{"start":{"line":38,"column":38},"end":{"line":38,"column":52}},"type":"cond-expr","locations":[{"start":{"line":38,"column":47},"end":{"line":38,"column":48}},{"start":{"line":38,"column":51},"end":{"line":38,"column":52}}],"line":38},"12":{"loc":{"start":{"line":38,"column":57},"end":{"line":38,"column":76}},"type":"cond-expr","locations":[{"start":{"line":38,"column":72},"end":{"line":38,"column":73}},{"start":{"line":38,"column":75},"end":{"line":38,"column":76}}],"line":38},"13":{"loc":{"start":{"line":73,"column":4},"end":{"line":81,"column":5}},"type":"if","locations":[{"start":{"line":73,"column":4},"end":{"line":81,"column":5}},{"start":{},"end":{}}],"line":73},"14":{"loc":{"start":{"line":73,"column":7},"end":{"line":73,"column":47}},"type":"binary-expr","locations":[{"start":{"line":73,"column":7},"end":{"line":73,"column":15}},{"start":{"line":73,"column":19},"end":{"line":73,"column":47}}],"line":73}},"s":{"0":1,"1":1,"2":1,"3":1,"4":1,"5":1,"6":1,"7":1,"8":0,"9":0,"10":0,"11":0,"12":0,"13":0,"14":0,"15":0,"16":0,"17":0,"18":0,"19":0,"20":0,"21":0,"22":1,"23":0,"24":0,"25":0,"26":0,"27":0,"28":0,"29":0,"30":0,"31":0,"32":0,"33":0,"34":0},"f":{"0":0,"1":0},"b":{"0":[0,0],"1":[0,0],"2":[0,0],"3":[0,0],"4":[0,0],"5":[0,0],"6":[0,0],"7":[0,0],"8":[0,0],"9":[0,0],"10":[0,0],"11":[0,0],"12":[0,0],"13":[0,0],"14":[0,0]},"_coverageSchema":"1a1c01bbd47fc00a2c39e90264f33305004495a9","hash":"6ff799f24c4b37609054b67f8ebf58657deda784"}
,"/Users/macbook/One Drive File/XfOrganization/Xf-Intern/backend/controller/userController.js": {"path":"/Users/macbook/One Drive File/XfOrganization/Xf-Intern/backend/controller/userController.js","statementMap":{"0":{"start":{"line":1,"column":16},"end":{"line":1,"column":48}},"1":{"start":{"line":2,"column":12},"end":{"line":2,"column":35}},"2":{"start":{"line":3,"column":15},"end":{"line":3,"column":32}},"3":{"start":{"line":4,"column":18},"end":{"line":4,"column":50}},"4":{"start":{"line":5,"column":28},"end":{"line":5,"column":67}},"5":{"start":{"line":6,"column":19},"end":{"line":6,"column":43}},"6":{"start":{"line":7,"column":13},"end":{"line":7,"column":45}},"7":{"start":{"line":8,"column":14},"end":{"line":8,"column":47}},"8":{"start":{"line":9,"column":20},"end":{"line":9,"column":55}},"9":{"start":{"line":10,"column":21},"end":{"line":10,"column":39}},"10":{"start":{"line":11,"column":17},"end":{"line":11,"column":53}},"11":{"start":{"line":12,"column":20},"end":{"line":12,"column":58}},"12":{"start":{"line":13,"column":16},"end":{"line":13,"column":38}},"13":{"start":{"line":14,"column":15},"end":{"line":14,"column":32}},"14":{"start":{"line":17,"column":0},"end":{"line":58,"column":1}},"15":{"start":{"line":18,"column":4},"end":{"line":57,"column":5}},"16":{"start":{"line":19,"column":23},"end":{"line":19,"column":31}},"17":{"start":{"line":20,"column":23},"end":{"line":20,"column":58}},"18":{"start":{"line":21,"column":26},"end":{"line":21,"column":62}},"19":{"start":{"line":23,"column":7},"end":{"line":27,"column":8}},"20":{"start":{"line":24,"column":8},"end":{"line":24,"column":61}},"21":{"start":{"line":25,"column":13},"end":{"line":27,"column":8}},"22":{"start":{"line":26,"column":8},"end":{"line":26,"column":70}},"23":{"start":{"line":29,"column":7},"end":{"line":29,"column":42}},"24":{"start":{"line":30,"column":8},"end":{"line":30,"column":30}},"25":{"start":{"line":31,"column":7},"end":{"line":31,"column":27}},"26":{"start":{"line":32,"column":7},"end":{"line":32,"column":30}},"27":{"start":{"line":34,"column":7},"end":{"line":36,"column":8}},"28":{"start":{"line":35,"column":8},"end":{"line":35,"column":20}},"29":{"start":{"line":38,"column":7},"end":{"line":45,"column":8}},"30":{"start":{"line":39,"column":8},"end":{"line":43,"column":12}},"31":{"start":{"line":47,"column":8},"end":{"line":49,"column":13}},"32":{"start":{"line":52,"column":8},"end":{"line":55,"column":12}},"33":{"start":{"line":61,"column":0},"end":{"line":97,"column":1}},"34":{"start":{"line":62,"column":4},"end":{"line":96,"column":5}},"35":{"start":{"line":65,"column":21},"end":{"line":66,"column":34}},"36":{"start":{"line":68,"column":8},"end":{"line":68,"column":43}},"37":{"start":{"line":69,"column":8},"end":{"line":69,"column":30}},"38":{"start":{"line":71,"column":8},"end":{"line":73,"column":9}},"39":{"start":{"line":72,"column":10},"end":{"line":72,"column":64}},"40":{"start":{"line":74,"column":8},"end":{"line":74,"column":24}},"41":{"start":{"line":75,"column":8},"end":{"line":83,"column":10}},"42":{"start":{"line":76,"column":10},"end":{"line":76,"column":22}},"43":{"start":{"line":78,"column":10},"end":{"line":82,"column":14}},"44":{"start":{"line":86,"column":8},"end":{"line":88,"column":13}},"45":{"start":{"line":91,"column":8},"end":{"line":94,"column":12}},"46":{"start":{"line":98,"column":0},"end":{"line":140,"column":1}},"47":{"start":{"line":99,"column":2},"end":{"line":139,"column":3}},"48":{"start":{"line":101,"column":4},"end":{"line":103,"column":5}},"49":{"start":{"line":102,"column":6},"end":{"line":102,"column":31}},"50":{"start":{"line":105,"column":14},"end":{"line":105,"column":34}},"51":{"start":{"line":106,"column":5},"end":{"line":108,"column":6}},"52":{"start":{"line":107,"column":10},"end":{"line":107,"column":62}},"53":{"start":{"line":111,"column":5},"end":{"line":117,"column":6}},"54":{"start":{"line":112,"column":7},"end":{"line":112,"column":42}},"55":{"start":{"line":114,"column":6},"end":{"line":116,"column":55}},"56":{"start":{"line":118,"column":6},"end":{"line":124,"column":7}},"57":{"start":{"line":119,"column":8},"end":{"line":123,"column":12}},"58":{"start":{"line":126,"column":6},"end":{"line":126,"column":49}},"59":{"start":{"line":128,"column":6},"end":{"line":131,"column":11}},"60":{"start":{"line":134,"column":6},"end":{"line":137,"column":10}},"61":{"start":{"line":145,"column":0},"end":{"line":169,"column":1}},"62":{"start":{"line":146,"column":4},"end":{"line":168,"column":5}},"63":{"start":{"line":147,"column":6},"end":{"line":147,"column":41}},"64":{"start":{"line":148,"column":6},"end":{"line":150,"column":7}},"65":{"start":{"line":149,"column":8},"end":{"line":149,"column":66}},"66":{"start":{"line":151,"column":6},"end":{"line":151,"column":28}},"67":{"start":{"line":152,"column":21},"end":{"line":153,"column":35}},"68":{"start":{"line":155,"column":8},"end":{"line":160,"column":13}},"69":{"start":{"line":163,"column":8},"end":{"line":166,"column":12}},"70":{"start":{"line":170,"column":0},"end":{"line":187,"column":1}},"71":{"start":{"line":171,"column":2},"end":{"line":186,"column":3}},"72":{"start":{"line":172,"column":17},"end":{"line":172,"column":30}},"73":{"start":{"line":173,"column":19},"end":{"line":173,"column":42}},"74":{"start":{"line":175,"column":6},"end":{"line":178,"column":11}},"75":{"start":{"line":181,"column":6},"end":{"line":184,"column":10}},"76":{"start":{"line":188,"column":0},"end":{"line":204,"column":1}},"77":{"start":{"line":189,"column":2},"end":{"line":203,"column":3}},"78":{"start":{"line":191,"column":4},"end":{"line":191,"column":67}},"79":{"start":{"line":191,"column":18},"end":{"line":191,"column":67}},"80":{"start":{"line":192,"column":4},"end":{"line":192,"column":27}},"81":{"start":{"line":193,"column":4},"end":{"line":196,"column":7}},"82":{"start":{"line":199,"column":4},"end":{"line":202,"column":7}},"83":{"start":{"line":205,"column":0},"end":{"line":231,"column":1}},"84":{"start":{"line":206,"column":2},"end":{"line":230,"column":3}},"85":{"start":{"line":208,"column":4},"end":{"line":208,"column":51}},"86":{"start":{"line":208,"column":18},"end":{"line":208,"column":51}},"87":{"start":{"line":209,"column":26},"end":{"line":209,"column":34}},"88":{"start":{"line":211,"column":17},"end":{"line":211,"column":46}},"89":{"start":{"line":212,"column":19},"end":{"line":212,"column":39}},"90":{"start":{"line":213,"column":4},"end":{"line":217,"column":5}},"91":{"start":{"line":213,"column":14},"end":{"line":213,"column":15}},"92":{"start":{"line":214,"column":7},"end":{"line":216,"column":8}},"93":{"start":{"line":215,"column":8},"end":{"line":215,"column":46}},"94":{"start":{"line":218,"column":4},"end":{"line":218,"column":39}},"95":{"start":{"line":219,"column":4},"end":{"line":219,"column":16}},"96":{"start":{"line":220,"column":4},"end":{"line":223,"column":7}},"97":{"start":{"line":226,"column":4},"end":{"line":229,"column":7}},"98":{"start":{"line":232,"column":0},"end":{"line":244,"column":1}},"99":{"start":{"line":233,"column":2},"end":{"line":243,"column":3}},"100":{"start":{"line":234,"column":22},"end":{"line":234,"column":72}},"101":{"start":{"line":235,"column":5},"end":{"line":237,"column":7}},"102":{"start":{"line":239,"column":4},"end":{"line":242,"column":7}},"103":{"start":{"line":245,"column":0},"end":{"line":265,"column":1}},"104":{"start":{"line":246,"column":2},"end":{"line":264,"column":3}},"105":{"start":{"line":248,"column":4},"end":{"line":250,"column":5}},"106":{"start":{"line":249,"column":6},"end":{"line":249,"column":30}},"107":{"start":{"line":251,"column":4},"end":{"line":253,"column":5}},"108":{"start":{"line":252,"column":6},"end":{"line":252,"column":65}},"109":{"start":{"line":254,"column":19},"end":{"line":254,"column":59}},"110":{"start":{"line":255,"column":31},"end":{"line":255,"column":61}},"111":{"start":{"line":256,"column":4},"end":{"line":256,"column":34}},"112":{"start":{"line":257,"column":4},"end":{"line":257,"column":11}},"113":{"start":{"line":260,"column":4},"end":{"line":263,"column":6}},"114":{"start":{"line":268,"column":2},"end":{"line":268,"column":45}},"115":{"start":{"line":270,"column":2},"end":{"line":304,"column":3}},"116":{"start":{"line":271,"column":4},"end":{"line":303,"column":7}},"117":{"start":{"line":273,"column":26},"end":{"line":273,"column":28}},"118":{"start":{"line":274,"column":19},"end":{"line":274,"column":48}},"119":{"start":{"line":277,"column":6},"end":{"line":284,"column":7}},"120":{"start":{"line":278,"column":18},"end":{"line":278,"column":65}},"121":{"start":{"line":279,"column":20},"end":{"line":279,"column":66}},"122":{"start":{"line":280,"column":19},"end":{"line":282,"column":8}},"123":{"start":{"line":283,"column":6},"end":{"line":283,"column":35}},"124":{"start":{"line":288,"column":23},"end":{"line":291,"column":10}},"125":{"start":{"line":292,"column":10},"end":{"line":295,"column":13}},"126":{"start":{"line":297,"column":10},"end":{"line":302,"column":14}},"127":{"start":{"line":305,"column":0},"end":{"line":317,"column":1}},"128":{"start":{"line":306,"column":4},"end":{"line":316,"column":5}},"129":{"start":{"line":307,"column":24},"end":{"line":307,"column":55}},"130":{"start":{"line":308,"column":7},"end":{"line":310,"column":9}},"131":{"start":{"line":312,"column":6},"end":{"line":315,"column":9}},"132":{"start":{"line":318,"column":0},"end":{"line":340,"column":1}},"133":{"start":{"line":319,"column":2},"end":{"line":339,"column":3}},"134":{"start":{"line":320,"column":25},"end":{"line":320,"column":74}},"135":{"start":{"line":322,"column":5},"end":{"line":324,"column":6}},"136":{"start":{"line":323,"column":6},"end":{"line":323,"column":48}},"137":{"start":{"line":325,"column":23},"end":{"line":325,"column":57}},"138":{"start":{"line":326,"column":5},"end":{"line":330,"column":8}},"139":{"start":{"line":331,"column":5},"end":{"line":333,"column":7}},"140":{"start":{"line":335,"column":4},"end":{"line":338,"column":7}}},"fnMap":{"0":{"name":"(anonymous_0)","decl":{"start":{"line":17,"column":19},"end":{"line":17,"column":20}},"loc":{"start":{"line":17,"column":35},"end":{"line":58,"column":1}},"line":17},"1":{"name":"(anonymous_1)","decl":{"start":{"line":61,"column":16},"end":{"line":61,"column":17}},"loc":{"start":{"line":61,"column":37},"end":{"line":97,"column":1}},"line":61},"2":{"name":"(anonymous_2)","decl":{"start":{"line":98,"column":17},"end":{"line":98,"column":18}},"loc":{"start":{"line":98,"column":38},"end":{"line":140,"column":1}},"line":98},"3":{"name":"(anonymous_3)","decl":{"start":{"line":145,"column":18},"end":{"line":145,"column":19}},"loc":{"start":{"line":145,"column":39},"end":{"line":169,"column":1}},"line":145},"4":{"name":"(anonymous_4)","decl":{"start":{"line":170,"column":22},"end":{"line":170,"column":23}},"loc":{"start":{"line":170,"column":43},"end":{"line":187,"column":1}},"line":170},"5":{"name":"(anonymous_5)","decl":{"start":{"line":188,"column":17},"end":{"line":188,"column":18}},"loc":{"start":{"line":188,"column":38},"end":{"line":204,"column":1}},"line":188},"6":{"name":"(anonymous_6)","decl":{"start":{"line":205,"column":22},"end":{"line":205,"column":23}},"loc":{"start":{"line":205,"column":43},"end":{"line":231,"column":1}},"line":205},"7":{"name":"(anonymous_7)","decl":{"start":{"line":232,"column":25},"end":{"line":232,"column":26}},"loc":{"start":{"line":232,"column":49},"end":{"line":244,"column":1}},"line":232},"8":{"name":"(anonymous_8)","decl":{"start":{"line":245,"column":26},"end":{"line":245,"column":27}},"loc":{"start":{"line":245,"column":49},"end":{"line":265,"column":1}},"line":245},"9":{"name":"(anonymous_9)","decl":{"start":{"line":270,"column":23},"end":{"line":270,"column":24}},"loc":{"start":{"line":270,"column":44},"end":{"line":304,"column":3}},"line":270},"10":{"name":"(anonymous_10)","decl":{"start":{"line":305,"column":23},"end":{"line":305,"column":24}},"loc":{"start":{"line":305,"column":47},"end":{"line":317,"column":1}},"line":305},"11":{"name":"(anonymous_11)","decl":{"start":{"line":318,"column":22},"end":{"line":318,"column":23}},"loc":{"start":{"line":318,"column":46},"end":{"line":340,"column":1}},"line":318}},"branchMap":{"0":{"loc":{"start":{"line":23,"column":7},"end":{"line":27,"column":8}},"type":"if","locations":[{"start":{"line":23,"column":7},"end":{"line":27,"column":8}},{"start":{"line":25,"column":13},"end":{"line":27,"column":8}}],"line":23},"1":{"loc":{"start":{"line":25,"column":13},"end":{"line":27,"column":8}},"type":"if","locations":[{"start":{"line":25,"column":13},"end":{"line":27,"column":8}},{"start":{},"end":{}}],"line":25},"2":{"loc":{"start":{"line":34,"column":7},"end":{"line":36,"column":8}},"type":"if","locations":[{"start":{"line":34,"column":7},"end":{"line":36,"column":8}},{"start":{},"end":{}}],"line":34},"3":{"loc":{"start":{"line":38,"column":7},"end":{"line":45,"column":8}},"type":"if","locations":[{"start":{"line":38,"column":7},"end":{"line":45,"column":8}},{"start":{},"end":{}}],"line":38},"4":{"loc":{"start":{"line":71,"column":8},"end":{"line":73,"column":9}},"type":"if","locations":[{"start":{"line":71,"column":8},"end":{"line":73,"column":9}},{"start":{},"end":{}}],"line":71},"5":{"loc":{"start":{"line":75,"column":8},"end":{"line":83,"column":10}},"type":"if","locations":[{"start":{"line":75,"column":8},"end":{"line":83,"column":10}},{"start":{"line":77,"column":14},"end":{"line":83,"column":10}}],"line":75},"6":{"loc":{"start":{"line":101,"column":4},"end":{"line":103,"column":5}},"type":"if","locations":[{"start":{"line":101,"column":4},"end":{"line":103,"column":5}},{"start":{},"end":{}}],"line":101},"7":{"loc":{"start":{"line":106,"column":5},"end":{"line":108,"column":6}},"type":"if","locations":[{"start":{"line":106,"column":5},"end":{"line":108,"column":6}},{"start":{},"end":{}}],"line":106},"8":{"loc":{"start":{"line":111,"column":5},"end":{"line":117,"column":6}},"type":"if","locations":[{"start":{"line":111,"column":5},"end":{"line":117,"column":6}},{"start":{"line":113,"column":10},"end":{"line":117,"column":6}}],"line":111},"9":{"loc":{"start":{"line":118,"column":6},"end":{"line":124,"column":7}},"type":"if","locations":[{"start":{"line":118,"column":6},"end":{"line":124,"column":7}},{"start":{},"end":{}}],"line":118},"10":{"loc":{"start":{"line":148,"column":6},"end":{"line":150,"column":7}},"type":"if","locations":[{"start":{"line":148,"column":6},"end":{"line":150,"column":7}},{"start":{},"end":{}}],"line":148},"11":{"loc":{"start":{"line":191,"column":4},"end":{"line":191,"column":67}},"type":"if","locations":[{"start":{"line":191,"column":4},"end":{"line":191,"column":67}},{"start":{},"end":{}}],"line":191},"12":{"loc":{"start":{"line":208,"column":4},"end":{"line":208,"column":51}},"type":"if","locations":[{"start":{"line":208,"column":4},"end":{"line":208,"column":51}},{"start":{},"end":{}}],"line":208},"13":{"loc":{"start":{"line":214,"column":7},"end":{"line":216,"column":8}},"type":"if","locations":[{"start":{"line":214,"column":7},"end":{"line":216,"column":8}},{"start":{},"end":{}}],"line":214},"14":{"loc":{"start":{"line":248,"column":4},"end":{"line":250,"column":5}},"type":"if","locations":[{"start":{"line":248,"column":4},"end":{"line":250,"column":5}},{"start":{},"end":{}}],"line":248},"15":{"loc":{"start":{"line":251,"column":4},"end":{"line":253,"column":5}},"type":"if","locations":[{"start":{"line":251,"column":4},"end":{"line":253,"column":5}},{"start":{},"end":{}}],"line":251},"16":{"loc":{"start":{"line":277,"column":6},"end":{"line":284,"column":7}},"type":"if","locations":[{"start":{"line":277,"column":6},"end":{"line":284,"column":7}},{"start":{},"end":{}}],"line":277},"17":{"loc":{"start":{"line":277,"column":9},"end":{"line":277,"column":49}},"type":"binary-expr","locations":[{"start":{"line":277,"column":9},"end":{"line":277,"column":17}},{"start":{"line":277,"column":21},"end":{"line":277,"column":49}}],"line":277},"18":{"loc":{"start":{"line":322,"column":5},"end":{"line":324,"column":6}},"type":"if","locations":[{"start":{"line":322,"column":5},"end":{"line":324,"column":6}},{"start":{},"end":{}}],"line":322}},"s":{"0":2,"1":2,"2":2,"3":2,"4":2,"5":2,"6":2,"7":2,"8":2,"9":2,"10":2,"11":2,"12":2,"13":2,"14":2,"15":1,"16":1,"17":1,"18":1,"19":1,"20":0,"21":1,"22":0,"23":1,"24":1,"25":1,"26":1,"27":1,"28":1,"29":1,"30":0,"31":1,"32":0,"33":2,"34":1,"35":1,"36":1,"37":1,"38":1,"39":0,"40":1,"41":1,"42":1,"43":0,"44":1,"45":0,"46":2,"47":2,"48":2,"49":0,"50":2,"51":2,"52":0,"53":2,"54":1,"55":1,"56":2,"57":0,"58":2,"59":2,"60":0,"61":2,"62":1,"63":1,"64":1,"65":0,"66":1,"67":1,"68":1,"69":0,"70":2,"71":0,"72":0,"73":0,"74":0,"75":0,"76":2,"77":1,"78":1,"79":0,"80":1,"81":1,"82":0,"83":2,"84":1,"85":1,"86":0,"87":1,"88":1,"89":1,"90":1,"91":1,"92":0,"93":0,"94":1,"95":1,"96":1,"97":0,"98":2,"99":1,"100":1,"101":1,"102":0,"103":2,"104":6,"105":6,"106":5,"107":6,"108":1,"109":5,"110":5,"111":5,"112":5,"113":1,"114":2,"115":2,"116":0,"117":0,"118":0,"119":0,"120":0,"121":0,"122":0,"123":0,"124":0,"125":0,"126":0,"127":2,"128":0,"129":0,"130":0,"131":0,"132":2,"133":0,"134":0,"135":0,"136":0,"137":0,"138":0,"139":0,"140":0},"f":{"0":1,"1":1,"2":2,"3":1,"4":0,"5":1,"6":1,"7":1,"8":6,"9":0,"10":0,"11":0},"b":{"0":[0,1],"1":[0,1],"2":[1,0],"3":[0,1],"4":[0,1],"5":[1,0],"6":[0,2],"7":[0,2],"8":[1,1],"9":[0,2],"10":[0,1],"11":[0,1],"12":[0,1],"13":[0,0],"14":[5,1],"15":[1,5],"16":[0,0],"17":[0,0],"18":[0,0]},"_coverageSchema":"1a1c01bbd47fc00a2c39e90264f33305004495a9","hash":"877949619db337e73829a9847e0daf69c64e3f65"}
,"/Users/macbook/One Drive File/XfOrganization/Xf-Intern/backend/model/adminModel.js": {"path":"/Users/macbook/One Drive File/XfOrganization/Xf-Intern/backend/model/adminModel.js","statementMap":{"0":{"start":{"line":1,"column":17},"end":{"line":1,"column":36}},"1":{"start":{"line":2,"column":18},"end":{"line":2,"column":38}},"2":{"start":{"line":3,"column":20},"end":{"line":60,"column":2}},"3":{"start":{"line":63,"column":15},"end":{"line":63,"column":50}},"4":{"start":{"line":64,"column":1},"end":{"line":64,"column":24}}},"fnMap":{},"branchMap":{},"s":{"0":3,"1":3,"2":3,"3":3,"4":3},"f":{},"b":{},"_coverageSchema":"1a1c01bbd47fc00a2c39e90264f33305004495a9","hash":"d6eafab07ceaa38c4bdcfac96a351e24ed5fb09e"}
,"/Users/macbook/One Drive File/XfOrganization/Xf-Intern/backend/model/adminPostModel.js": {"path":"/Users/macbook/One Drive File/XfOrganization/Xf-Intern/backend/model/adminPostModel.js","statementMap":{"0":{"start":{"line":1,"column":17},"end":{"line":1,"column":36}},"1":{"start":{"line":2,"column":18},"end":{"line":2,"column":38}},"2":{"start":{"line":3,"column":24},"end":{"line":54,"column":2}},"3":{"start":{"line":56,"column":0},"end":{"line":56,"column":37}},"4":{"start":{"line":57,"column":19},"end":{"line":57,"column":62}},"5":{"start":{"line":58,"column":1},"end":{"line":58,"column":28}}},"fnMap":{},"branchMap":{},"s":{"0":2,"1":2,"2":2,"3":2,"4":2,"5":2},"f":{},"b":{},"_coverageSchema":"1a1c01bbd47fc00a2c39e90264f33305004495a9","hash":"f501ca0929bd2c36e3201f0b8a934ad5aa1e0edb"}
,"/Users/macbook/One Drive File/XfOrganization/Xf-Intern/backend/model/appliedModel.js": {"path":"/Users/macbook/One Drive File/XfOrganization/Xf-Intern/backend/model/appliedModel.js","statementMap":{"0":{"start":{"line":1,"column":17},"end":{"line":1,"column":36}},"1":{"start":{"line":2,"column":18},"end":{"line":2,"column":38}},"2":{"start":{"line":3,"column":22},"end":{"line":54,"column":2}},"3":{"start":{"line":56,"column":0},"end":{"line":56,"column":35}},"4":{"start":{"line":57,"column":17},"end":{"line":57,"column":56}},"5":{"start":{"line":58,"column":1},"end":{"line":58,"column":26}}},"fnMap":{},"branchMap":{},"s":{"0":2,"1":2,"2":2,"3":2,"4":2,"5":2},"f":{},"b":{},"_coverageSchema":"1a1c01bbd47fc00a2c39e90264f33305004495a9","hash":"9c75692c58ca9230d7913c8042b3b3d00d2ba016"}
,"/Users/macbook/One Drive File/XfOrganization/Xf-Intern/backend/model/feedbackModel.js": {"path":"/Users/macbook/One Drive File/XfOrganization/Xf-Intern/backend/model/feedbackModel.js","statementMap":{"0":{"start":{"line":1,"column":17},"end":{"line":1,"column":36}},"1":{"start":{"line":2,"column":23},"end":{"line":11,"column":2}},"2":{"start":{"line":13,"column":17},"end":{"line":13,"column":58}},"3":{"start":{"line":14,"column":0},"end":{"line":14,"column":26}}},"fnMap":{},"branchMap":{},"s":{"0":2,"1":2,"2":2,"3":2},"f":{},"b":{},"_coverageSchema":"1a1c01bbd47fc00a2c39e90264f33305004495a9","hash":"95777c3f19b8c0d034897a12cdae3269f1aa5954"}
,"/Users/macbook/One Drive File/XfOrganization/Xf-Intern/backend/model/jobDetailModel.js": {"path":"/Users/macbook/One Drive File/XfOrganization/Xf-Intern/backend/model/jobDetailModel.js","statementMap":{"0":{"start":{"line":1,"column":17},"end":{"line":1,"column":36}},"1":{"start":{"line":2,"column":18},"end":{"line":2,"column":38}},"2":{"start":{"line":3,"column":18},"end":{"line":32,"column":2}},"3":{"start":{"line":35,"column":20},"end":{"line":35,"column":58}},"4":{"start":{"line":36,"column":1},"end":{"line":36,"column":29}}},"fnMap":{},"branchMap":{},"s":{"0":1,"1":1,"2":1,"3":1,"4":1},"f":{},"b":{},"_coverageSchema":"1a1c01bbd47fc00a2c39e90264f33305004495a9","hash":"5e12facd5ba3d5feba8785b1e1f79f615a501ade"}
,"/Users/macbook/One Drive File/XfOrganization/Xf-Intern/backend/model/profileModel.js": {"path":"/Users/macbook/One Drive File/XfOrganization/Xf-Intern/backend/model/profileModel.js","statementMap":{"0":{"start":{"line":1,"column":17},"end":{"line":1,"column":36}},"1":{"start":{"line":2,"column":18},"end":{"line":2,"column":38}},"2":{"start":{"line":3,"column":22},"end":{"line":52,"column":2}},"3":{"start":{"line":55,"column":16},"end":{"line":55,"column":55}},"4":{"start":{"line":56,"column":0},"end":{"line":56,"column":25}}},"fnMap":{},"branchMap":{},"s":{"0":2,"1":2,"2":2,"3":2,"4":2},"f":{},"b":{},"_coverageSchema":"1a1c01bbd47fc00a2c39e90264f33305004495a9","hash":"9f9a2e49f1aeb72271ed6386aa2a23091c373e0c"}
,"/Users/macbook/One Drive File/XfOrganization/Xf-Intern/backend/model/subscriberModel.js": {"path":"/Users/macbook/One Drive File/XfOrganization/Xf-Intern/backend/model/subscriberModel.js","statementMap":{"0":{"start":{"line":1,"column":17},"end":{"line":1,"column":36}},"1":{"start":{"line":2,"column":18},"end":{"line":2,"column":38}},"2":{"start":{"line":3,"column":25},"end":{"line":12,"column":2}},"3":{"start":{"line":14,"column":20},"end":{"line":14,"column":66}},"4":{"start":{"line":15,"column":0},"end":{"line":15,"column":29}}},"fnMap":{},"branchMap":{},"s":{"0":2,"1":2,"2":2,"3":2,"4":2},"f":{},"b":{},"_coverageSchema":"1a1c01bbd47fc00a2c39e90264f33305004495a9","hash":"c9f06e33fe8178510a15647d1fa2e1ff0d58386b"}
,"/Users/macbook/One Drive File/XfOrganization/Xf-Intern/backend/model/userModel.js": {"path":"/Users/macbook/One Drive File/XfOrganization/Xf-Intern/backend/model/userModel.js","statementMap":{"0":{"start":{"line":1,"column":17},"end":{"line":1,"column":36}},"1":{"start":{"line":2,"column":18},"end":{"line":2,"column":38}},"2":{"start":{"line":3,"column":19},"end":{"line":70,"column":2}},"3":{"start":{"line":72,"column":1},"end":{"line":72,"column":55}},"4":{"start":{"line":73,"column":14},"end":{"line":73,"column":47}},"5":{"start":{"line":74,"column":1},"end":{"line":74,"column":23}}},"fnMap":{},"branchMap":{},"s":{"0":3,"1":3,"2":3,"3":3,"4":3,"5":3},"f":{},"b":{},"_coverageSchema":"1a1c01bbd47fc00a2c39e90264f33305004495a9","hash":"a03793742194970ae0d6804f476c672a224a7639"}
,"/Users/macbook/One Drive File/XfOrganization/Xf-Intern/backend/router/adminPostRouter.js": {"path":"/Users/macbook/One Drive File/XfOrganization/Xf-Intern/backend/router/adminPostRouter.js","statementMap":{"0":{"start":{"line":1,"column":16},"end":{"line":1,"column":34}},"1":{"start":{"line":2,"column":15},"end":{"line":2,"column":31}},"2":{"start":{"line":3,"column":28},"end":{"line":3,"column":72}},"3":{"start":{"line":4,"column":24},"end":{"line":4,"column":64}},"4":{"start":{"line":7,"column":0},"end":{"line":7,"column":47}},"5":{"start":{"line":8,"column":0},"end":{"line":8,"column":48}},"6":{"start":{"line":9,"column":0},"end":{"line":9,"column":62}},"7":{"start":{"line":10,"column":0},"end":{"line":10,"column":55}},"8":{"start":{"line":11,"column":0},"end":{"line":11,"column":44}},"9":{"start":{"line":13,"column":0},"end":{"line":13,"column":54}},"10":{"start":{"line":14,"column":0},"end":{"line":14,"column":59}},"11":{"start":{"line":15,"column":0},"end":{"line":15,"column":60}},"12":{"start":{"line":20,"column":0},"end":{"line":20,"column":62}},"13":{"start":{"line":21,"column":0},"end":{"line":21,"column":68}},"14":{"start":{"line":22,"column":0},"end":{"line":22,"column":65}},"15":{"start":{"line":23,"column":0},"end":{"line":23,"column":57}},"16":{"start":{"line":24,"column":0},"end":{"line":24,"column":72}},"17":{"start":{"line":26,"column":0},"end":{"line":26,"column":24}}},"fnMap":{},"branchMap":{},"s":{"0":1,"1":1,"2":1,"3":1,"4":1,"5":1,"6":1,"7":1,"8":1,"9":1,"10":1,"11":1,"12":1,"13":1,"14":1,"15":1,"16":1,"17":1},"f":{},"b":{},"_coverageSchema":"1a1c01bbd47fc00a2c39e90264f33305004495a9","hash":"6dce510cd5a3d31f28bffe6b8f68ebadb7514ff2"}
,"/Users/macbook/One Drive File/XfOrganization/Xf-Intern/backend/router/adminRouter.js": {"path":"/Users/macbook/One Drive File/XfOrganization/Xf-Intern/backend/router/adminRouter.js","statementMap":{"0":{"start":{"line":1,"column":16},"end":{"line":1,"column":34}},"1":{"start":{"line":2,"column":15},"end":{"line":2,"column":31}},"2":{"start":{"line":4,"column":24},"end":{"line":4,"column":64}},"3":{"start":{"line":5,"column":23},"end":{"line":5,"column":62}},"4":{"start":{"line":8,"column":0},"end":{"line":8,"column":50}},"5":{"start":{"line":9,"column":0},"end":{"line":9,"column":44}},"6":{"start":{"line":10,"column":0},"end":{"line":10,"column":46}},"7":{"start":{"line":11,"column":0},"end":{"line":11,"column":59}},"8":{"start":{"line":12,"column":0},"end":{"line":12,"column":44}},"9":{"start":{"line":13,"column":0},"end":{"line":13,"column":56}},"10":{"start":{"line":14,"column":0},"end":{"line":14,"column":51}},"11":{"start":{"line":15,"column":0},"end":{"line":15,"column":49}},"12":{"start":{"line":16,"column":0},"end":{"line":16,"column":90}},"13":{"start":{"line":17,"column":0},"end":{"line":17,"column":24}}},"fnMap":{},"branchMap":{},"s":{"0":1,"1":1,"2":1,"3":1,"4":1,"5":1,"6":1,"7":1,"8":1,"9":1,"10":1,"11":1,"12":1,"13":1},"f":{},"b":{},"_coverageSchema":"1a1c01bbd47fc00a2c39e90264f33305004495a9","hash":"faa63cf3616ee9139ec31b4913975b49078c5dc1"}
,"/Users/macbook/One Drive File/XfOrganization/Xf-Intern/backend/router/jobDetailRouter.js": {"path":"/Users/macbook/One Drive File/XfOrganization/Xf-Intern/backend/router/jobDetailRouter.js","statementMap":{"0":{"start":{"line":1,"column":16},"end":{"line":1,"column":34}},"1":{"start":{"line":2,"column":15},"end":{"line":2,"column":31}},"2":{"start":{"line":3,"column":26},"end":{"line":3,"column":68}},"3":{"start":{"line":4,"column":26},"end":{"line":4,"column":68}},"4":{"start":{"line":5,"column":23},"end":{"line":5,"column":62}},"5":{"start":{"line":6,"column":29},"end":{"line":6,"column":74}},"6":{"start":{"line":9,"column":0},"end":{"line":9,"column":49}},"7":{"start":{"line":10,"column":0},"end":{"line":10,"column":43}},"8":{"start":{"line":11,"column":0},"end":{"line":11,"column":45}},"9":{"start":{"line":12,"column":0},"end":{"line":12,"column":53}},"10":{"start":{"line":13,"column":0},"end":{"line":13,"column":53}},"11":{"start":{"line":15,"column":0},"end":{"line":15,"column":43}},"12":{"start":{"line":16,"column":0},"end":{"line":16,"column":47}},"13":{"start":{"line":18,"column":0},"end":{"line":18,"column":44}},"14":{"start":{"line":21,"column":0},"end":{"line":21,"column":56}},"15":{"start":{"line":22,"column":0},"end":{"line":22,"column":54}},"16":{"start":{"line":26,"column":0},"end":{"line":26,"column":52}},"17":{"start":{"line":27,"column":0},"end":{"line":27,"column":85}},"18":{"start":{"line":28,"column":0},"end":{"line":28,"column":87}},"19":{"start":{"line":32,"column":0},"end":{"line":32,"column":51}},"20":{"start":{"line":35,"column":0},"end":{"line":35,"column":54}},"21":{"start":{"line":36,"column":0},"end":{"line":36,"column":55}},"22":{"start":{"line":39,"column":0},"end":{"line":39,"column":54}},"23":{"start":{"line":41,"column":0},"end":{"line":41,"column":24}}},"fnMap":{},"branchMap":{},"s":{"0":1,"1":1,"2":1,"3":1,"4":1,"5":1,"6":1,"7":1,"8":1,"9":1,"10":1,"11":1,"12":1,"13":1,"14":1,"15":1,"16":1,"17":1,"18":1,"19":1,"20":1,"21":1,"22":1,"23":1},"f":{},"b":{},"_coverageSchema":"1a1c01bbd47fc00a2c39e90264f33305004495a9","hash":"fa03b7948546a4928cecdaa08b736d7489e4e6c8"}
,"/Users/macbook/One Drive File/XfOrganization/Xf-Intern/backend/utils/mailing.js": {"path":"/Users/macbook/One Drive File/XfOrganization/Xf-Intern/backend/utils/mailing.js","statementMap":{"0":{"start":{"line":1,"column":17},"end":{"line":1,"column":38}},"1":{"start":{"line":3,"column":20},"end":{"line":83,"column":1}},"2":{"start":{"line":4,"column":24},"end":{"line":11,"column":6}},"3":{"start":{"line":13,"column":22},"end":{"line":74,"column":3}},"4":{"start":{"line":76,"column":3},"end":{"line":82,"column":5}},"5":{"start":{"line":77,"column":4},"end":{"line":81,"column":5}},"6":{"start":{"line":78,"column":6},"end":{"line":78,"column":27}},"7":{"start":{"line":80,"column":6},"end":{"line":80,"column":50}},"8":{"start":{"line":84,"column":0},"end":{"line":84,"column":27}}},"fnMap":{"0":{"name":"(anonymous_0)","decl":{"start":{"line":3,"column":20},"end":{"line":3,"column":21}},"loc":{"start":{"line":3,"column":38},"end":{"line":83,"column":1}},"line":3},"1":{"name":"(anonymous_1)","decl":{"start":{"line":76,"column":41},"end":{"line":76,"column":42}},"loc":{"start":{"line":76,"column":58},"end":{"line":82,"column":3}},"line":76}},"branchMap":{"0":{"loc":{"start":{"line":77,"column":4},"end":{"line":81,"column":5}},"type":"if","locations":[{"start":{"line":77,"column":4},"end":{"line":81,"column":5}},{"start":{"line":79,"column":11},"end":{"line":81,"column":5}}],"line":77}},"s":{"0":3,"1":3,"2":0,"3":0,"4":0,"5":0,"6":0,"7":0,"8":3},"f":{"0":0,"1":0},"b":{"0":[0,0]},"_coverageSchema":"1a1c01bbd47fc00a2c39e90264f33305004495a9","hash":"c24fab8fd1c02d6986ad33b86eca4f492804cd8b"}
,"/Users/macbook/One Drive File/XfOrganization/Xf-Intern/backend/utils/redisConnect.js": {"path":"/Users/macbook/One Drive File/XfOrganization/Xf-Intern/backend/utils/redisConnect.js","statementMap":{},"fnMap":{},"branchMap":{},"s":{},"f":{},"b":{},"_coverageSchema":"1a1c01bbd47fc00a2c39e90264f33305004495a9","hash":"9410b3227cafbd874904850445f2ebb8fac1c70a"}
,"/Users/macbook/One Drive File/XfOrganization/Xf-Intern/backend/utils/sendTokenCookies.js": {"path":"/Users/macbook/One Drive File/XfOrganization/Xf-Intern/backend/utils/sendTokenCookies.js","statementMap":{"0":{"start":{"line":1,"column":12},"end":{"line":1,"column":35}},"1":{"start":{"line":3,"column":18},"end":{"line":5,"column":1}},"2":{"start":{"line":4,"column":2},"end":{"line":4,"column":46}},"3":{"start":{"line":8,"column":28},"end":{"line":33,"column":1}},"4":{"start":{"line":11,"column":2},"end":{"line":11,"column":57}},"5":{"start":{"line":11,"column":16},"end":{"line":11,"column":57}},"6":{"start":{"line":12,"column":16},"end":{"line":12,"column":35}},"7":{"start":{"line":18,"column":12},"end":{"line":18,"column":17}},"8":{"start":{"line":19,"column":2},"end":{"line":21,"column":3}},"9":{"start":{"line":20,"column":4},"end":{"line":20,"column":18}},"10":{"start":{"line":23,"column":2},"end":{"line":30,"column":5}},"11":{"start":{"line":34,"column":0},"end":{"line":34,"column":37}}},"fnMap":{"0":{"name":"(anonymous_0)","decl":{"start":{"line":3,"column":18},"end":{"line":3,"column":19}},"loc":{"start":{"line":3,"column":26},"end":{"line":5,"column":1}},"line":3},"1":{"name":"(anonymous_1)","decl":{"start":{"line":8,"column":28},"end":{"line":8,"column":29}},"loc":{"start":{"line":8,"column":59},"end":{"line":33,"column":1}},"line":8}},"branchMap":{"0":{"loc":{"start":{"line":8,"column":44},"end":{"line":8,"column":55}},"type":"default-arg","locations":[{"start":{"line":8,"column":49},"end":{"line":8,"column":55}}],"line":8},"1":{"loc":{"start":{"line":11,"column":2},"end":{"line":11,"column":57}},"type":"if","locations":[{"start":{"line":11,"column":2},"end":{"line":11,"column":57}},{"start":{},"end":{}}],"line":11},"2":{"loc":{"start":{"line":19,"column":2},"end":{"line":21,"column":3}},"type":"if","locations":[{"start":{"line":19,"column":2},"end":{"line":21,"column":3}},{"start":{},"end":{}}],"line":19}},"s":{"0":2,"1":2,"2":2,"3":2,"4":2,"5":0,"6":2,"7":2,"8":2,"9":0,"10":2,"11":2},"f":{"0":2,"1":2},"b":{"0":[0],"1":[0,2],"2":[0,2]},"_coverageSchema":"1a1c01bbd47fc00a2c39e90264f33305004495a9","hash":"c4ebb7ccc2b366b325215baa33054e49a9c01379"}
}
