{"/Users/macbook/One Drive File/XfOrganization/Xf-Intern/backend/controller/adminPostController.js": {"path":"/Users/macbook/One Drive File/XfOrganization/Xf-Intern/backend/controller/adminPostController.js","statementMap":{"0":{"start":{"line":1,"column":18},"end":{"line":1,"column":36}},"1":{"start":{"line":2,"column":14},"end":{"line":2,"column":44}},"2":{"start":{"line":3,"column":18},"end":{"line":3,"column":52}},"3":{"start":{"line":4,"column":13},"end":{"line":4,"column":47}},"4":{"start":{"line":5,"column":16},"end":{"line":5,"column":48}},"5":{"start":{"line":6,"column":13},"end":{"line":6,"column":42}},"6":{"start":{"line":7,"column":18},"end":{"line":7,"column":45}},"7":{"start":{"line":8,"column":15},"end":{"line":8,"column":47}},"8":{"start":{"line":9,"column":11},"end":{"line":9,"column":21}},"9":{"start":{"line":10,"column":24},"end":{"line":17,"column":1}},"10":{"start":{"line":11,"column":4},"end":{"line":16,"column":7}},"11":{"start":{"line":18,"column":23},"end":{"line":24,"column":1}},"12":{"start":{"line":20,"column":4},"end":{"line":23,"column":6}},"13":{"start":{"line":25,"column":0},"end":{"line":48,"column":1}},"14":{"start":{"line":26,"column":4},"end":{"line":46,"column":5}},"15":{"start":{"line":28,"column":22},"end":{"line":28,"column":57}},"16":{"start":{"line":31,"column":20},"end":{"line":31,"column":34}},"17":{"start":{"line":32,"column":22},"end":{"line":32,"column":30}},"18":{"start":{"line":33,"column":4},"end":{"line":33,"column":32}},"19":{"start":{"line":34,"column":4},"end":{"line":34,"column":43}},"20":{"start":{"line":36,"column":17},"end":{"line":36,"column":45}},"21":{"start":{"line":38,"column":5},"end":{"line":38,"column":38}},"22":{"start":{"line":39,"column":5},"end":{"line":39,"column":28}},"23":{"start":{"line":41,"column":5},"end":{"line":41,"column":35}},"24":{"start":{"line":44,"column":8},"end":{"line":44,"column":36}},"25":{"start":{"line":49,"column":0},"end":{"line":72,"column":1}},"26":{"start":{"line":50,"column":4},"end":{"line":71,"column":5}},"27":{"start":{"line":51,"column":7},"end":{"line":53,"column":8}},"28":{"start":{"line":52,"column":8},"end":{"line":52,"column":53}},"29":{"start":{"line":56,"column":19},"end":{"line":56,"column":32}},"30":{"start":{"line":57,"column":26},"end":{"line":57,"column":57}},"31":{"start":{"line":59,"column":29},"end":{"line":59,"column":63}},"32":{"start":{"line":61,"column":8},"end":{"line":63,"column":9}},"33":{"start":{"line":62,"column":12},"end":{"line":62,"column":67}},"34":{"start":{"line":65,"column":21},"end":{"line":65,"column":84}},"35":{"start":{"line":68,"column":8},"end":{"line":68,"column":61}},"36":{"start":{"line":70,"column":8},"end":{"line":70,"column":36}},"37":{"start":{"line":73,"column":0},"end":{"line":90,"column":1}},"38":{"start":{"line":74,"column":4},"end":{"line":89,"column":5}},"39":{"start":{"line":76,"column":21},"end":{"line":76,"column":74}},"40":{"start":{"line":80,"column":8},"end":{"line":80,"column":27}},"41":{"start":{"line":86,"column":8},"end":{"line":86,"column":38}},"42":{"start":{"line":88,"column":8},"end":{"line":88,"column":36}},"43":{"start":{"line":91,"column":0},"end":{"line":111,"column":1}},"44":{"start":{"line":92,"column":4},"end":{"line":110,"column":5}},"45":{"start":{"line":93,"column":21},"end":{"line":95,"column":10}},"46":{"start":{"line":107,"column":8},"end":{"line":107,"column":39}},"47":{"start":{"line":109,"column":8},"end":{"line":109,"column":36}},"48":{"start":{"line":112,"column":0},"end":{"line":127,"column":1}},"49":{"start":{"line":113,"column":4},"end":{"line":126,"column":5}},"50":{"start":{"line":114,"column":26},"end":{"line":114,"column":57}},"51":{"start":{"line":115,"column":29},"end":{"line":115,"column":63}},"52":{"start":{"line":117,"column":8},"end":{"line":119,"column":9}},"53":{"start":{"line":118,"column":12},"end":{"line":118,"column":67}},"54":{"start":{"line":121,"column":8},"end":{"line":121,"column":52}},"55":{"start":{"line":123,"column":8},"end":{"line":123,"column":59}},"56":{"start":{"line":125,"column":8},"end":{"line":125,"column":36}},"57":{"start":{"line":130,"column":0},"end":{"line":144,"column":1}},"58":{"start":{"line":131,"column":4},"end":{"line":143,"column":5}},"59":{"start":{"line":132,"column":21},"end":{"line":132,"column":35}},"60":{"start":{"line":133,"column":8},"end":{"line":133,"column":26}},"61":{"start":{"line":135,"column":8},"end":{"line":135,"column":34}},"62":{"start":{"line":136,"column":8},"end":{"line":136,"column":37}},"63":{"start":{"line":137,"column":22},"end":{"line":139,"column":10}},"64":{"start":{"line":140,"column":8},"end":{"line":140,"column":38}},"65":{"start":{"line":142,"column":8},"end":{"line":142,"column":36}},"66":{"start":{"line":145,"column":0},"end":{"line":154,"column":1}},"67":{"start":{"line":146,"column":4},"end":{"line":153,"column":5}},"68":{"start":{"line":147,"column":21},"end":{"line":147,"column":36}},"69":{"start":{"line":148,"column":8},"end":{"line":148,"column":26}},"70":{"start":{"line":149,"column":22},"end":{"line":149,"column":53}},"71":{"start":{"line":150,"column":8},"end":{"line":150,"column":38}},"72":{"start":{"line":152,"column":8},"end":{"line":152,"column":36}},"73":{"start":{"line":157,"column":0},"end":{"line":181,"column":1}},"74":{"start":{"line":158,"column":4},"end":{"line":180,"column":5}},"75":{"start":{"line":159,"column":19},"end":{"line":159,"column":32}},"76":{"start":{"line":160,"column":21},"end":{"line":160,"column":44}},"77":{"start":{"line":161,"column":26},"end":{"line":161,"column":61}},"78":{"start":{"line":163,"column":8},"end":{"line":165,"column":9}},"79":{"start":{"line":164,"column":12},"end":{"line":164,"column":70}},"80":{"start":{"line":166,"column":22},"end":{"line":166,"column":75}},"81":{"start":{"line":177,"column":8},"end":{"line":177,"column":38}},"82":{"start":{"line":179,"column":8},"end":{"line":179,"column":36}},"83":{"start":{"line":187,"column":0},"end":{"line":222,"column":1}},"84":{"start":{"line":188,"column":4},"end":{"line":221,"column":5}},"85":{"start":{"line":189,"column":20},"end":{"line":189,"column":55}},"86":{"start":{"line":190,"column":6},"end":{"line":190,"column":24}},"87":{"start":{"line":191,"column":34},"end":{"line":191,"column":42}},"88":{"start":{"line":193,"column":28},"end":{"line":194,"column":35}},"89":{"start":{"line":195,"column":30},"end":{"line":195,"column":50}},"90":{"start":{"line":196,"column":6},"end":{"line":200,"column":7}},"91":{"start":{"line":197,"column":8},"end":{"line":197,"column":84}},"92":{"start":{"line":198,"column":12},"end":{"line":200,"column":7}},"93":{"start":{"line":199,"column":8},"end":{"line":199,"column":59}},"94":{"start":{"line":201,"column":6},"end":{"line":201,"column":36}},"95":{"start":{"line":202,"column":6},"end":{"line":202,"column":27}},"96":{"start":{"line":205,"column":23},"end":{"line":205,"column":64}},"97":{"start":{"line":206,"column":6},"end":{"line":210,"column":8}},"98":{"start":{"line":211,"column":6},"end":{"line":214,"column":8}},"99":{"start":{"line":216,"column":8},"end":{"line":216,"column":25}},"100":{"start":{"line":217,"column":6},"end":{"line":220,"column":9}},"101":{"start":{"line":228,"column":0},"end":{"line":240,"column":3}},"102":{"start":{"line":229,"column":4},"end":{"line":239,"column":5}},"103":{"start":{"line":231,"column":39},"end":{"line":231,"column":47}},"104":{"start":{"line":233,"column":29},"end":{"line":234,"column":58}},"105":{"start":{"line":235,"column":9},"end":{"line":235,"column":35}},"106":{"start":{"line":236,"column":8},"end":{"line":236,"column":46}},"107":{"start":{"line":238,"column":8},"end":{"line":238,"column":36}},"108":{"start":{"line":241,"column":2},"end":{"line":277,"column":3}},"109":{"start":{"line":242,"column":4},"end":{"line":276,"column":5}},"110":{"start":{"line":243,"column":6},"end":{"line":243,"column":37}},"111":{"start":{"line":244,"column":6},"end":{"line":244,"column":34}},"112":{"start":{"line":245,"column":28},"end":{"line":245,"column":36}},"113":{"start":{"line":246,"column":20},"end":{"line":246,"column":22}},"114":{"start":{"line":247,"column":7},"end":{"line":261,"column":9}},"115":{"start":{"line":262,"column":6},"end":{"line":262,"column":27}},"116":{"start":{"line":264,"column":6},"end":{"line":267,"column":8}},"117":{"start":{"line":271,"column":6},"end":{"line":274,"column":8}},"118":{"start":{"line":278,"column":2},"end":{"line":344,"column":3}},"119":{"start":{"line":279,"column":4},"end":{"line":343,"column":5}},"120":{"start":{"line":281,"column":19},"end":{"line":281,"column":21}},"121":{"start":{"line":282,"column":28},"end":{"line":282,"column":36}},"122":{"start":{"line":283,"column":6},"end":{"line":331,"column":8}},"123":{"start":{"line":333,"column":6},"end":{"line":336,"column":8}},"124":{"start":{"line":339,"column":6},"end":{"line":342,"column":8}}},"fnMap":{"0":{"name":"(anonymous_0)","decl":{"start":{"line":10,"column":24},"end":{"line":10,"column":25}},"loc":{"start":{"line":10,"column":55},"end":{"line":17,"column":1}},"line":10},"1":{"name":"(anonymous_1)","decl":{"start":{"line":18,"column":23},"end":{"line":18,"column":24}},"loc":{"start":{"line":18,"column":53},"end":{"line":24,"column":1}},"line":18},"2":{"name":"(anonymous_2)","decl":{"start":{"line":25,"column":20},"end":{"line":25,"column":21}},"loc":{"start":{"line":25,"column":42},"end":{"line":48,"column":1}},"line":25},"3":{"name":"(anonymous_3)","decl":{"start":{"line":49,"column":21},"end":{"line":49,"column":22}},"loc":{"start":{"line":49,"column":43},"end":{"line":72,"column":1}},"line":49},"4":{"name":"(anonymous_4)","decl":{"start":{"line":73,"column":19},"end":{"line":73,"column":20}},"loc":{"start":{"line":73,"column":41},"end":{"line":90,"column":1}},"line":73},"5":{"name":"(anonymous_5)","decl":{"start":{"line":91,"column":22},"end":{"line":91,"column":23}},"loc":{"start":{"line":91,"column":44},"end":{"line":111,"column":1}},"line":91},"6":{"name":"(anonymous_6)","decl":{"start":{"line":112,"column":21},"end":{"line":112,"column":22}},"loc":{"start":{"line":112,"column":43},"end":{"line":127,"column":1}},"line":112},"7":{"name":"(anonymous_7)","decl":{"start":{"line":130,"column":28},"end":{"line":130,"column":29}},"loc":{"start":{"line":130,"column":50},"end":{"line":144,"column":1}},"line":130},"8":{"name":"(anonymous_8)","decl":{"start":{"line":145,"column":29},"end":{"line":145,"column":30}},"loc":{"start":{"line":145,"column":51},"end":{"line":154,"column":1}},"line":145},"9":{"name":"(anonymous_9)","decl":{"start":{"line":157,"column":28},"end":{"line":157,"column":29}},"loc":{"start":{"line":157,"column":50},"end":{"line":181,"column":1}},"line":157},"10":{"name":"(anonymous_10)","decl":{"start":{"line":187,"column":23},"end":{"line":187,"column":24}},"loc":{"start":{"line":187,"column":44},"end":{"line":222,"column":1}},"line":187},"11":{"name":"(anonymous_11)","decl":{"start":{"line":228,"column":29},"end":{"line":228,"column":30}},"loc":{"start":{"line":228,"column":51},"end":{"line":240,"column":3}},"line":228},"12":{"name":"(anonymous_12)","decl":{"start":{"line":241,"column":24},"end":{"line":241,"column":25}},"loc":{"start":{"line":241,"column":45},"end":{"line":277,"column":3}},"line":241},"13":{"name":"(anonymous_13)","decl":{"start":{"line":278,"column":25},"end":{"line":278,"column":26}},"loc":{"start":{"line":278,"column":46},"end":{"line":344,"column":3}},"line":278}},"branchMap":{"0":{"loc":{"start":{"line":10,"column":36},"end":{"line":10,"column":52}},"type":"default-arg","locations":[{"start":{"line":10,"column":49},"end":{"line":10,"column":52}}],"line":10},"1":{"loc":{"start":{"line":18,"column":34},"end":{"line":18,"column":50}},"type":"default-arg","locations":[{"start":{"line":18,"column":47},"end":{"line":18,"column":50}}],"line":18},"2":{"loc":{"start":{"line":51,"column":7},"end":{"line":53,"column":8}},"type":"if","locations":[{"start":{"line":51,"column":7},"end":{"line":53,"column":8}},{"start":{},"end":{}}],"line":51},"3":{"loc":{"start":{"line":61,"column":8},"end":{"line":63,"column":9}},"type":"if","locations":[{"start":{"line":61,"column":8},"end":{"line":63,"column":9}},{"start":{},"end":{}}],"line":61},"4":{"loc":{"start":{"line":117,"column":8},"end":{"line":119,"column":9}},"type":"if","locations":[{"start":{"line":117,"column":8},"end":{"line":119,"column":9}},{"start":{},"end":{}}],"line":117},"5":{"loc":{"start":{"line":163,"column":8},"end":{"line":165,"column":9}},"type":"if","locations":[{"start":{"line":163,"column":8},"end":{"line":165,"column":9}},{"start":{},"end":{}}],"line":163},"6":{"loc":{"start":{"line":196,"column":6},"end":{"line":200,"column":7}},"type":"if","locations":[{"start":{"line":196,"column":6},"end":{"line":200,"column":7}},{"start":{"line":198,"column":12},"end":{"line":200,"column":7}}],"line":196},"7":{"loc":{"start":{"line":198,"column":12},"end":{"line":200,"column":7}},"type":"if","locations":[{"start":{"line":198,"column":12},"end":{"line":200,"column":7}},{"start":{},"end":{}}],"line":198}},"s":{"0":1,"1":1,"2":1,"3":1,"4":1,"5":1,"6":1,"7":1,"8":1,"9":1,"10":0,"11":1,"12":0,"13":1,"14":0,"15":0,"16":0,"17":0,"18":0,"19":0,"20":0,"21":0,"22":0,"23":0,"24":0,"25":1,"26":0,"27":0,"28":0,"29":0,"30":0,"31":0,"32":0,"33":0,"34":0,"35":0,"36":0,"37":1,"38":0,"39":0,"40":0,"41":0,"42":0,"43":1,"44":0,"45":0,"46":0,"47":0,"48":1,"49":0,"50":0,"51":0,"52":0,"53":0,"54":0,"55":0,"56":0,"57":1,"58":0,"59":0,"60":0,"61":0,"62":0,"63":0,"64":0,"65":0,"66":1,"67":0,"68":0,"69":0,"70":0,"71":0,"72":0,"73":1,"74":0,"75":0,"76":0,"77":0,"78":0,"79":0,"80":0,"81":0,"82":0,"83":1,"84":0,"85":0,"86":0,"87":0,"88":0,"89":0,"90":0,"91":0,"92":0,"93":0,"94":0,"95":0,"96":0,"97":0,"98":0,"99":0,"100":0,"101":1,"102":0,"103":0,"104":0,"105":0,"106":0,"107":0,"108":1,"109":0,"110":0,"111":0,"112":0,"113":0,"114":0,"115":0,"116":0,"117":0,"118":1,"119":0,"120":0,"121":0,"122":0,"123":0,"124":0},"f":{"0":0,"1":0,"2":0,"3":0,"4":0,"5":0,"6":0,"7":0,"8":0,"9":0,"10":0,"11":0,"12":0,"13":0},"b":{"0":[0],"1":[0],"2":[0,0],"3":[0,0],"4":[0,0],"5":[0,0],"6":[0,0],"7":[0,0]},"_coverageSchema":"1a1c01bbd47fc00a2c39e90264f33305004495a9","hash":"fa40c87d8618e1fac5f950579429c4bb32130616"}
,"/Users/macbook/One Drive File/XfOrganization/Xf-Intern/backend/controller/userController.js": {"path":"/Users/macbook/One Drive File/XfOrganization/Xf-Intern/backend/controller/userController.js","statementMap":{"0":{"start":{"line":1,"column":16},"end":{"line":1,"column":48}},"1":{"start":{"line":2,"column":12},"end":{"line":2,"column":35}},"2":{"start":{"line":3,"column":15},"end":{"line":3,"column":32}},"3":{"start":{"line":4,"column":18},"end":{"line":4,"column":50}},"4":{"start":{"line":5,"column":28},"end":{"line":5,"column":67}},"5":{"start":{"line":6,"column":19},"end":{"line":6,"column":43}},"6":{"start":{"line":7,"column":13},"end":{"line":7,"column":45}},"7":{"start":{"line":8,"column":14},"end":{"line":8,"column":47}},"8":{"start":{"line":9,"column":20},"end":{"line":9,"column":55}},"9":{"start":{"line":10,"column":21},"end":{"line":10,"column":39}},"10":{"start":{"line":11,"column":17},"end":{"line":11,"column":53}},"11":{"start":{"line":12,"column":20},"end":{"line":12,"column":58}},"12":{"start":{"line":13,"column":16},"end":{"line":13,"column":38}},"13":{"start":{"line":14,"column":15},"end":{"line":14,"column":32}},"14":{"start":{"line":17,"column":0},"end":{"line":52,"column":1}},"15":{"start":{"line":18,"column":4},"end":{"line":51,"column":5}},"16":{"start":{"line":19,"column":23},"end":{"line":19,"column":31}},"17":{"start":{"line":20,"column":23},"end":{"line":20,"column":58}},"18":{"start":{"line":21,"column":26},"end":{"line":21,"column":62}},"19":{"start":{"line":23,"column":7},"end":{"line":27,"column":8}},"20":{"start":{"line":24,"column":8},"end":{"line":24,"column":61}},"21":{"start":{"line":25,"column":13},"end":{"line":27,"column":8}},"22":{"start":{"line":26,"column":8},"end":{"line":26,"column":70}},"23":{"start":{"line":31,"column":7},"end":{"line":31,"column":42}},"24":{"start":{"line":32,"column":8},"end":{"line":32,"column":30}},"25":{"start":{"line":33,"column":7},"end":{"line":33,"column":27}},"26":{"start":{"line":34,"column":7},"end":{"line":34,"column":30}},"27":{"start":{"line":36,"column":7},"end":{"line":40,"column":10}},"28":{"start":{"line":41,"column":8},"end":{"line":43,"column":13}},"29":{"start":{"line":46,"column":8},"end":{"line":49,"column":12}},"30":{"start":{"line":55,"column":0},"end":{"line":87,"column":1}},"31":{"start":{"line":56,"column":4},"end":{"line":86,"column":5}},"32":{"start":{"line":59,"column":21},"end":{"line":60,"column":34}},"33":{"start":{"line":61,"column":8},"end":{"line":61,"column":43}},"34":{"start":{"line":62,"column":8},"end":{"line":62,"column":30}},"35":{"start":{"line":64,"column":8},"end":{"line":66,"column":9}},"36":{"start":{"line":65,"column":10},"end":{"line":65,"column":64}},"37":{"start":{"line":67,"column":8},"end":{"line":67,"column":24}},"38":{"start":{"line":68,"column":8},"end":{"line":72,"column":14}},"39":{"start":{"line":76,"column":8},"end":{"line":78,"column":13}},"40":{"start":{"line":81,"column":8},"end":{"line":84,"column":12}},"41":{"start":{"line":88,"column":0},"end":{"line":128,"column":1}},"42":{"start":{"line":89,"column":2},"end":{"line":127,"column":3}},"43":{"start":{"line":91,"column":4},"end":{"line":93,"column":5}},"44":{"start":{"line":92,"column":6},"end":{"line":92,"column":31}},"45":{"start":{"line":95,"column":14},"end":{"line":95,"column":34}},"46":{"start":{"line":96,"column":5},"end":{"line":98,"column":6}},"47":{"start":{"line":97,"column":10},"end":{"line":97,"column":62}},"48":{"start":{"line":100,"column":5},"end":{"line":106,"column":6}},"49":{"start":{"line":101,"column":7},"end":{"line":101,"column":42}},"50":{"start":{"line":103,"column":6},"end":{"line":105,"column":55}},"51":{"start":{"line":108,"column":6},"end":{"line":112,"column":12}},"52":{"start":{"line":114,"column":6},"end":{"line":114,"column":49}},"53":{"start":{"line":116,"column":6},"end":{"line":119,"column":11}},"54":{"start":{"line":122,"column":6},"end":{"line":125,"column":10}},"55":{"start":{"line":133,"column":0},"end":{"line":155,"column":1}},"56":{"start":{"line":134,"column":4},"end":{"line":154,"column":5}},"57":{"start":{"line":135,"column":6},"end":{"line":137,"column":7}},"58":{"start":{"line":136,"column":8},"end":{"line":136,"column":66}},"59":{"start":{"line":138,"column":21},"end":{"line":139,"column":35}},"60":{"start":{"line":141,"column":8},"end":{"line":146,"column":13}},"61":{"start":{"line":149,"column":8},"end":{"line":152,"column":12}},"62":{"start":{"line":156,"column":0},"end":{"line":173,"column":1}},"63":{"start":{"line":157,"column":2},"end":{"line":172,"column":3}},"64":{"start":{"line":158,"column":17},"end":{"line":158,"column":30}},"65":{"start":{"line":159,"column":19},"end":{"line":159,"column":42}},"66":{"start":{"line":161,"column":6},"end":{"line":164,"column":11}},"67":{"start":{"line":167,"column":6},"end":{"line":170,"column":10}},"68":{"start":{"line":174,"column":0},"end":{"line":190,"column":1}},"69":{"start":{"line":175,"column":2},"end":{"line":189,"column":3}},"70":{"start":{"line":177,"column":4},"end":{"line":177,"column":67}},"71":{"start":{"line":177,"column":18},"end":{"line":177,"column":67}},"72":{"start":{"line":178,"column":4},"end":{"line":178,"column":27}},"73":{"start":{"line":179,"column":4},"end":{"line":182,"column":7}},"74":{"start":{"line":185,"column":4},"end":{"line":188,"column":7}},"75":{"start":{"line":191,"column":0},"end":{"line":217,"column":1}},"76":{"start":{"line":192,"column":2},"end":{"line":216,"column":3}},"77":{"start":{"line":194,"column":4},"end":{"line":194,"column":51}},"78":{"start":{"line":194,"column":18},"end":{"line":194,"column":51}},"79":{"start":{"line":195,"column":26},"end":{"line":195,"column":34}},"80":{"start":{"line":197,"column":17},"end":{"line":197,"column":46}},"81":{"start":{"line":198,"column":19},"end":{"line":198,"column":39}},"82":{"start":{"line":199,"column":4},"end":{"line":203,"column":5}},"83":{"start":{"line":199,"column":14},"end":{"line":199,"column":15}},"84":{"start":{"line":200,"column":7},"end":{"line":202,"column":8}},"85":{"start":{"line":201,"column":8},"end":{"line":201,"column":46}},"86":{"start":{"line":204,"column":4},"end":{"line":204,"column":39}},"87":{"start":{"line":205,"column":4},"end":{"line":205,"column":16}},"88":{"start":{"line":206,"column":4},"end":{"line":209,"column":7}},"89":{"start":{"line":212,"column":4},"end":{"line":215,"column":7}},"90":{"start":{"line":218,"column":0},"end":{"line":230,"column":1}},"91":{"start":{"line":219,"column":2},"end":{"line":229,"column":3}},"92":{"start":{"line":220,"column":22},"end":{"line":220,"column":72}},"93":{"start":{"line":221,"column":5},"end":{"line":223,"column":7}},"94":{"start":{"line":225,"column":4},"end":{"line":228,"column":7}},"95":{"start":{"line":231,"column":0},"end":{"line":251,"column":3}},"96":{"start":{"line":232,"column":4},"end":{"line":250,"column":5}},"97":{"start":{"line":234,"column":6},"end":{"line":236,"column":7}},"98":{"start":{"line":235,"column":8},"end":{"line":235,"column":32}},"99":{"start":{"line":237,"column":6},"end":{"line":239,"column":7}},"100":{"start":{"line":238,"column":8},"end":{"line":238,"column":67}},"101":{"start":{"line":240,"column":21},"end":{"line":240,"column":61}},"102":{"start":{"line":241,"column":33},"end":{"line":241,"column":63}},"103":{"start":{"line":242,"column":6},"end":{"line":242,"column":36}},"104":{"start":{"line":243,"column":6},"end":{"line":243,"column":13}},"105":{"start":{"line":246,"column":6},"end":{"line":249,"column":8}},"106":{"start":{"line":252,"column":2},"end":{"line":252,"column":45}},"107":{"start":{"line":254,"column":2},"end":{"line":288,"column":3}},"108":{"start":{"line":255,"column":4},"end":{"line":287,"column":7}},"109":{"start":{"line":257,"column":26},"end":{"line":257,"column":28}},"110":{"start":{"line":258,"column":19},"end":{"line":258,"column":48}},"111":{"start":{"line":261,"column":6},"end":{"line":268,"column":7}},"112":{"start":{"line":262,"column":18},"end":{"line":262,"column":65}},"113":{"start":{"line":263,"column":20},"end":{"line":263,"column":66}},"114":{"start":{"line":264,"column":19},"end":{"line":266,"column":8}},"115":{"start":{"line":267,"column":6},"end":{"line":267,"column":35}},"116":{"start":{"line":272,"column":23},"end":{"line":275,"column":10}},"117":{"start":{"line":276,"column":10},"end":{"line":279,"column":13}},"118":{"start":{"line":281,"column":10},"end":{"line":286,"column":14}},"119":{"start":{"line":289,"column":0},"end":{"line":301,"column":1}},"120":{"start":{"line":290,"column":4},"end":{"line":300,"column":5}},"121":{"start":{"line":291,"column":24},"end":{"line":291,"column":55}},"122":{"start":{"line":292,"column":7},"end":{"line":294,"column":9}},"123":{"start":{"line":296,"column":6},"end":{"line":299,"column":9}},"124":{"start":{"line":302,"column":0},"end":{"line":324,"column":1}},"125":{"start":{"line":303,"column":2},"end":{"line":323,"column":3}},"126":{"start":{"line":304,"column":25},"end":{"line":304,"column":74}},"127":{"start":{"line":306,"column":5},"end":{"line":308,"column":6}},"128":{"start":{"line":307,"column":6},"end":{"line":307,"column":48}},"129":{"start":{"line":309,"column":23},"end":{"line":309,"column":57}},"130":{"start":{"line":310,"column":5},"end":{"line":314,"column":8}},"131":{"start":{"line":315,"column":5},"end":{"line":317,"column":7}},"132":{"start":{"line":319,"column":4},"end":{"line":322,"column":7}}},"fnMap":{"0":{"name":"(anonymous_0)","decl":{"start":{"line":17,"column":19},"end":{"line":17,"column":20}},"loc":{"start":{"line":17,"column":35},"end":{"line":52,"column":1}},"line":17},"1":{"name":"(anonymous_1)","decl":{"start":{"line":55,"column":16},"end":{"line":55,"column":17}},"loc":{"start":{"line":55,"column":37},"end":{"line":87,"column":1}},"line":55},"2":{"name":"(anonymous_2)","decl":{"start":{"line":88,"column":17},"end":{"line":88,"column":18}},"loc":{"start":{"line":88,"column":38},"end":{"line":128,"column":1}},"line":88},"3":{"name":"(anonymous_3)","decl":{"start":{"line":133,"column":18},"end":{"line":133,"column":19}},"loc":{"start":{"line":133,"column":39},"end":{"line":155,"column":1}},"line":133},"4":{"name":"(anonymous_4)","decl":{"start":{"line":156,"column":22},"end":{"line":156,"column":23}},"loc":{"start":{"line":156,"column":43},"end":{"line":173,"column":1}},"line":156},"5":{"name":"(anonymous_5)","decl":{"start":{"line":174,"column":17},"end":{"line":174,"column":18}},"loc":{"start":{"line":174,"column":38},"end":{"line":190,"column":1}},"line":174},"6":{"name":"(anonymous_6)","decl":{"start":{"line":191,"column":22},"end":{"line":191,"column":23}},"loc":{"start":{"line":191,"column":43},"end":{"line":217,"column":1}},"line":191},"7":{"name":"(anonymous_7)","decl":{"start":{"line":218,"column":25},"end":{"line":218,"column":26}},"loc":{"start":{"line":218,"column":49},"end":{"line":230,"column":1}},"line":218},"8":{"name":"(anonymous_8)","decl":{"start":{"line":231,"column":26},"end":{"line":231,"column":27}},"loc":{"start":{"line":231,"column":49},"end":{"line":251,"column":3}},"line":231},"9":{"name":"(anonymous_9)","decl":{"start":{"line":254,"column":23},"end":{"line":254,"column":24}},"loc":{"start":{"line":254,"column":44},"end":{"line":288,"column":3}},"line":254},"10":{"name":"(anonymous_10)","decl":{"start":{"line":289,"column":23},"end":{"line":289,"column":24}},"loc":{"start":{"line":289,"column":47},"end":{"line":301,"column":1}},"line":289},"11":{"name":"(anonymous_11)","decl":{"start":{"line":302,"column":22},"end":{"line":302,"column":23}},"loc":{"start":{"line":302,"column":46},"end":{"line":324,"column":1}},"line":302}},"branchMap":{"0":{"loc":{"start":{"line":23,"column":7},"end":{"line":27,"column":8}},"type":"if","locations":[{"start":{"line":23,"column":7},"end":{"line":27,"column":8}},{"start":{"line":25,"column":13},"end":{"line":27,"column":8}}],"line":23},"1":{"loc":{"start":{"line":25,"column":13},"end":{"line":27,"column":8}},"type":"if","locations":[{"start":{"line":25,"column":13},"end":{"line":27,"column":8}},{"start":{},"end":{}}],"line":25},"2":{"loc":{"start":{"line":64,"column":8},"end":{"line":66,"column":9}},"type":"if","locations":[{"start":{"line":64,"column":8},"end":{"line":66,"column":9}},{"start":{},"end":{}}],"line":64},"3":{"loc":{"start":{"line":91,"column":4},"end":{"line":93,"column":5}},"type":"if","locations":[{"start":{"line":91,"column":4},"end":{"line":93,"column":5}},{"start":{},"end":{}}],"line":91},"4":{"loc":{"start":{"line":96,"column":5},"end":{"line":98,"column":6}},"type":"if","locations":[{"start":{"line":96,"column":5},"end":{"line":98,"column":6}},{"start":{},"end":{}}],"line":96},"5":{"loc":{"start":{"line":100,"column":5},"end":{"line":106,"column":6}},"type":"if","locations":[{"start":{"line":100,"column":5},"end":{"line":106,"column":6}},{"start":{"line":102,"column":10},"end":{"line":106,"column":6}}],"line":100},"6":{"loc":{"start":{"line":135,"column":6},"end":{"line":137,"column":7}},"type":"if","locations":[{"start":{"line":135,"column":6},"end":{"line":137,"column":7}},{"start":{},"end":{}}],"line":135},"7":{"loc":{"start":{"line":177,"column":4},"end":{"line":177,"column":67}},"type":"if","locations":[{"start":{"line":177,"column":4},"end":{"line":177,"column":67}},{"start":{},"end":{}}],"line":177},"8":{"loc":{"start":{"line":194,"column":4},"end":{"line":194,"column":51}},"type":"if","locations":[{"start":{"line":194,"column":4},"end":{"line":194,"column":51}},{"start":{},"end":{}}],"line":194},"9":{"loc":{"start":{"line":200,"column":7},"end":{"line":202,"column":8}},"type":"if","locations":[{"start":{"line":200,"column":7},"end":{"line":202,"column":8}},{"start":{},"end":{}}],"line":200},"10":{"loc":{"start":{"line":234,"column":6},"end":{"line":236,"column":7}},"type":"if","locations":[{"start":{"line":234,"column":6},"end":{"line":236,"column":7}},{"start":{},"end":{}}],"line":234},"11":{"loc":{"start":{"line":237,"column":6},"end":{"line":239,"column":7}},"type":"if","locations":[{"start":{"line":237,"column":6},"end":{"line":239,"column":7}},{"start":{},"end":{}}],"line":237},"12":{"loc":{"start":{"line":261,"column":6},"end":{"line":268,"column":7}},"type":"if","locations":[{"start":{"line":261,"column":6},"end":{"line":268,"column":7}},{"start":{},"end":{}}],"line":261},"13":{"loc":{"start":{"line":261,"column":9},"end":{"line":261,"column":49}},"type":"binary-expr","locations":[{"start":{"line":261,"column":9},"end":{"line":261,"column":17}},{"start":{"line":261,"column":21},"end":{"line":261,"column":49}}],"line":261},"14":{"loc":{"start":{"line":306,"column":5},"end":{"line":308,"column":6}},"type":"if","locations":[{"start":{"line":306,"column":5},"end":{"line":308,"column":6}},{"start":{},"end":{}}],"line":306}},"s":{"0":1,"1":1,"2":1,"3":1,"4":1,"5":1,"6":1,"7":1,"8":1,"9":1,"10":1,"11":1,"12":1,"13":1,"14":1,"15":0,"16":0,"17":0,"18":0,"19":0,"20":0,"21":0,"22":0,"23":0,"24":0,"25":0,"26":0,"27":0,"28":0,"29":0,"30":1,"31":0,"32":0,"33":0,"34":0,"35":0,"36":0,"37":0,"38":0,"39":0,"40":0,"41":1,"42":0,"43":0,"44":0,"45":0,"46":0,"47":0,"48":0,"49":0,"50":0,"51":0,"52":0,"53":0,"54":0,"55":1,"56":0,"57":0,"58":0,"59":0,"60":0,"61":0,"62":1,"63":0,"64":0,"65":0,"66":0,"67":0,"68":1,"69":0,"70":0,"71":0,"72":0,"73":0,"74":0,"75":1,"76":0,"77":0,"78":0,"79":0,"80":0,"81":0,"82":0,"83":0,"84":0,"85":0,"86":0,"87":0,"88":0,"89":0,"90":1,"91":0,"92":0,"93":0,"94":0,"95":1,"96":0,"97":0,"98":0,"99":0,"100":0,"101":0,"102":0,"103":0,"104":0,"105":0,"106":1,"107":1,"108":0,"109":0,"110":0,"111":0,"112":0,"113":0,"114":0,"115":0,"116":0,"117":0,"118":0,"119":1,"120":0,"121":0,"122":0,"123":0,"124":1,"125":0,"126":0,"127":0,"128":0,"129":0,"130":0,"131":0,"132":0},"f":{"0":0,"1":0,"2":0,"3":0,"4":0,"5":0,"6":0,"7":0,"8":0,"9":0,"10":0,"11":0},"b":{"0":[0,0],"1":[0,0],"2":[0,0],"3":[0,0],"4":[0,0],"5":[0,0],"6":[0,0],"7":[0,0],"8":[0,0],"9":[0,0],"10":[0,0],"11":[0,0],"12":[0,0],"13":[0,0],"14":[0,0]},"_coverageSchema":"1a1c01bbd47fc00a2c39e90264f33305004495a9","hash":"d8056856c937bdb4230c08c53982c21221a96369"}
,"/Users/macbook/One Drive File/XfOrganization/Xf-Intern/backend/model/adminModel.js": {"path":"/Users/macbook/One Drive File/XfOrganization/Xf-Intern/backend/model/adminModel.js","statementMap":{"0":{"start":{"line":1,"column":17},"end":{"line":1,"column":36}},"1":{"start":{"line":2,"column":18},"end":{"line":2,"column":38}},"2":{"start":{"line":3,"column":20},"end":{"line":60,"column":2}},"3":{"start":{"line":63,"column":15},"end":{"line":63,"column":50}},"4":{"start":{"line":64,"column":1},"end":{"line":64,"column":24}}},"fnMap":{},"branchMap":{},"s":{"0":3,"1":3,"2":3,"3":3,"4":3},"f":{},"b":{},"_coverageSchema":"1a1c01bbd47fc00a2c39e90264f33305004495a9","hash":"d6eafab07ceaa38c4bdcfac96a351e24ed5fb09e"}
,"/Users/macbook/One Drive File/XfOrganization/Xf-Intern/backend/model/adminPostModel.js": {"path":"/Users/macbook/One Drive File/XfOrganization/Xf-Intern/backend/model/adminPostModel.js","statementMap":{"0":{"start":{"line":1,"column":17},"end":{"line":1,"column":36}},"1":{"start":{"line":2,"column":18},"end":{"line":2,"column":38}},"2":{"start":{"line":3,"column":24},"end":{"line":54,"column":2}},"3":{"start":{"line":56,"column":0},"end":{"line":56,"column":37}},"4":{"start":{"line":57,"column":19},"end":{"line":57,"column":62}},"5":{"start":{"line":58,"column":1},"end":{"line":58,"column":28}}},"fnMap":{},"branchMap":{},"s":{"0":1,"1":1,"2":1,"3":1,"4":1,"5":1},"f":{},"b":{},"_coverageSchema":"1a1c01bbd47fc00a2c39e90264f33305004495a9","hash":"f501ca0929bd2c36e3201f0b8a934ad5aa1e0edb"}
,"/Users/macbook/One Drive File/XfOrganization/Xf-Intern/backend/model/appliedModel.js": {"path":"/Users/macbook/One Drive File/XfOrganization/Xf-Intern/backend/model/appliedModel.js","statementMap":{"0":{"start":{"line":1,"column":17},"end":{"line":1,"column":36}},"1":{"start":{"line":2,"column":18},"end":{"line":2,"column":38}},"2":{"start":{"line":3,"column":22},"end":{"line":54,"column":2}},"3":{"start":{"line":56,"column":0},"end":{"line":56,"column":35}},"4":{"start":{"line":57,"column":17},"end":{"line":57,"column":56}},"5":{"start":{"line":58,"column":1},"end":{"line":58,"column":26}}},"fnMap":{},"branchMap":{},"s":{"0":1,"1":1,"2":1,"3":1,"4":1,"5":1},"f":{},"b":{},"_coverageSchema":"1a1c01bbd47fc00a2c39e90264f33305004495a9","hash":"9c75692c58ca9230d7913c8042b3b3d00d2ba016"}
,"/Users/macbook/One Drive File/XfOrganization/Xf-Intern/backend/model/feedbackModel.js": {"path":"/Users/macbook/One Drive File/XfOrganization/Xf-Intern/backend/model/feedbackModel.js","statementMap":{"0":{"start":{"line":1,"column":17},"end":{"line":1,"column":36}},"1":{"start":{"line":2,"column":23},"end":{"line":11,"column":2}},"2":{"start":{"line":13,"column":17},"end":{"line":13,"column":58}},"3":{"start":{"line":14,"column":0},"end":{"line":14,"column":26}}},"fnMap":{},"branchMap":{},"s":{"0":1,"1":1,"2":1,"3":1},"f":{},"b":{},"_coverageSchema":"1a1c01bbd47fc00a2c39e90264f33305004495a9","hash":"95777c3f19b8c0d034897a12cdae3269f1aa5954"}
,"/Users/macbook/One Drive File/XfOrganization/Xf-Intern/backend/model/profileModel.js": {"path":"/Users/macbook/One Drive File/XfOrganization/Xf-Intern/backend/model/profileModel.js","statementMap":{"0":{"start":{"line":1,"column":17},"end":{"line":1,"column":36}},"1":{"start":{"line":2,"column":18},"end":{"line":2,"column":38}},"2":{"start":{"line":3,"column":22},"end":{"line":52,"column":2}},"3":{"start":{"line":55,"column":16},"end":{"line":55,"column":55}},"4":{"start":{"line":56,"column":0},"end":{"line":56,"column":25}}},"fnMap":{},"branchMap":{},"s":{"0":1,"1":1,"2":1,"3":1,"4":1},"f":{},"b":{},"_coverageSchema":"1a1c01bbd47fc00a2c39e90264f33305004495a9","hash":"9f9a2e49f1aeb72271ed6386aa2a23091c373e0c"}
,"/Users/macbook/One Drive File/XfOrganization/Xf-Intern/backend/model/subscriberModel.js": {"path":"/Users/macbook/One Drive File/XfOrganization/Xf-Intern/backend/model/subscriberModel.js","statementMap":{"0":{"start":{"line":1,"column":17},"end":{"line":1,"column":36}},"1":{"start":{"line":2,"column":18},"end":{"line":2,"column":38}},"2":{"start":{"line":3,"column":25},"end":{"line":12,"column":2}},"3":{"start":{"line":14,"column":20},"end":{"line":14,"column":66}},"4":{"start":{"line":15,"column":0},"end":{"line":15,"column":29}}},"fnMap":{},"branchMap":{},"s":{"0":1,"1":1,"2":1,"3":1,"4":1},"f":{},"b":{},"_coverageSchema":"1a1c01bbd47fc00a2c39e90264f33305004495a9","hash":"c9f06e33fe8178510a15647d1fa2e1ff0d58386b"}
,"/Users/macbook/One Drive File/XfOrganization/Xf-Intern/backend/model/userModel.js": {"path":"/Users/macbook/One Drive File/XfOrganization/Xf-Intern/backend/model/userModel.js","statementMap":{"0":{"start":{"line":1,"column":17},"end":{"line":1,"column":36}},"1":{"start":{"line":2,"column":18},"end":{"line":2,"column":38}},"2":{"start":{"line":3,"column":19},"end":{"line":70,"column":2}},"3":{"start":{"line":72,"column":1},"end":{"line":72,"column":55}},"4":{"start":{"line":73,"column":14},"end":{"line":73,"column":47}},"5":{"start":{"line":74,"column":1},"end":{"line":74,"column":23}}},"fnMap":{},"branchMap":{},"s":{"0":3,"1":3,"2":3,"3":3,"4":3,"5":3},"f":{},"b":{},"_coverageSchema":"1a1c01bbd47fc00a2c39e90264f33305004495a9","hash":"a03793742194970ae0d6804f476c672a224a7639"}
,"/Users/macbook/One Drive File/XfOrganization/Xf-Intern/backend/utils/mailing.js": {"path":"/Users/macbook/One Drive File/XfOrganization/Xf-Intern/backend/utils/mailing.js","statementMap":{"0":{"start":{"line":1,"column":17},"end":{"line":1,"column":38}},"1":{"start":{"line":3,"column":20},"end":{"line":83,"column":1}},"2":{"start":{"line":4,"column":24},"end":{"line":11,"column":6}},"3":{"start":{"line":13,"column":22},"end":{"line":74,"column":3}},"4":{"start":{"line":76,"column":3},"end":{"line":82,"column":5}},"5":{"start":{"line":77,"column":4},"end":{"line":81,"column":5}},"6":{"start":{"line":78,"column":6},"end":{"line":78,"column":27}},"7":{"start":{"line":80,"column":6},"end":{"line":80,"column":50}},"8":{"start":{"line":84,"column":0},"end":{"line":84,"column":27}}},"fnMap":{"0":{"name":"(anonymous_0)","decl":{"start":{"line":3,"column":20},"end":{"line":3,"column":21}},"loc":{"start":{"line":3,"column":38},"end":{"line":83,"column":1}},"line":3},"1":{"name":"(anonymous_1)","decl":{"start":{"line":76,"column":41},"end":{"line":76,"column":42}},"loc":{"start":{"line":76,"column":58},"end":{"line":82,"column":3}},"line":76}},"branchMap":{"0":{"loc":{"start":{"line":77,"column":4},"end":{"line":81,"column":5}},"type":"if","locations":[{"start":{"line":77,"column":4},"end":{"line":81,"column":5}},{"start":{"line":79,"column":11},"end":{"line":81,"column":5}}],"line":77}},"s":{"0":2,"1":2,"2":0,"3":0,"4":0,"5":0,"6":0,"7":0,"8":2},"f":{"0":0,"1":0},"b":{"0":[0,0]},"_coverageSchema":"1a1c01bbd47fc00a2c39e90264f33305004495a9","hash":"c24fab8fd1c02d6986ad33b86eca4f492804cd8b"}
,"/Users/macbook/One Drive File/XfOrganization/Xf-Intern/backend/utils/redisConnect.js": {"path":"/Users/macbook/One Drive File/XfOrganization/Xf-Intern/backend/utils/redisConnect.js","statementMap":{},"fnMap":{},"branchMap":{},"s":{},"f":{},"b":{},"_coverageSchema":"1a1c01bbd47fc00a2c39e90264f33305004495a9","hash":"9410b3227cafbd874904850445f2ebb8fac1c70a"}
,"/Users/macbook/One Drive File/XfOrganization/Xf-Intern/backend/utils/sendTokenCookies.js": {"path":"/Users/macbook/One Drive File/XfOrganization/Xf-Intern/backend/utils/sendTokenCookies.js","statementMap":{"0":{"start":{"line":1,"column":12},"end":{"line":1,"column":35}},"1":{"start":{"line":3,"column":18},"end":{"line":5,"column":1}},"2":{"start":{"line":4,"column":2},"end":{"line":4,"column":46}},"3":{"start":{"line":8,"column":28},"end":{"line":33,"column":1}},"4":{"start":{"line":11,"column":2},"end":{"line":11,"column":57}},"5":{"start":{"line":11,"column":16},"end":{"line":11,"column":57}},"6":{"start":{"line":12,"column":16},"end":{"line":12,"column":35}},"7":{"start":{"line":18,"column":12},"end":{"line":18,"column":17}},"8":{"start":{"line":19,"column":2},"end":{"line":21,"column":3}},"9":{"start":{"line":20,"column":4},"end":{"line":20,"column":18}},"10":{"start":{"line":23,"column":2},"end":{"line":30,"column":5}},"11":{"start":{"line":34,"column":0},"end":{"line":34,"column":37}}},"fnMap":{"0":{"name":"(anonymous_0)","decl":{"start":{"line":3,"column":18},"end":{"line":3,"column":19}},"loc":{"start":{"line":3,"column":26},"end":{"line":5,"column":1}},"line":3},"1":{"name":"(anonymous_1)","decl":{"start":{"line":8,"column":28},"end":{"line":8,"column":29}},"loc":{"start":{"line":8,"column":59},"end":{"line":33,"column":1}},"line":8}},"branchMap":{"0":{"loc":{"start":{"line":8,"column":44},"end":{"line":8,"column":55}},"type":"default-arg","locations":[{"start":{"line":8,"column":49},"end":{"line":8,"column":55}}],"line":8},"1":{"loc":{"start":{"line":11,"column":2},"end":{"line":11,"column":57}},"type":"if","locations":[{"start":{"line":11,"column":2},"end":{"line":11,"column":57}},{"start":{},"end":{}}],"line":11},"2":{"loc":{"start":{"line":19,"column":2},"end":{"line":21,"column":3}},"type":"if","locations":[{"start":{"line":19,"column":2},"end":{"line":21,"column":3}},{"start":{},"end":{}}],"line":19}},"s":{"0":1,"1":1,"2":0,"3":1,"4":0,"5":0,"6":0,"7":0,"8":0,"9":0,"10":0,"11":1},"f":{"0":0,"1":0},"b":{"0":[0],"1":[0,0],"2":[0,0]},"_coverageSchema":"1a1c01bbd47fc00a2c39e90264f33305004495a9","hash":"c4ebb7ccc2b366b325215baa33054e49a9c01379"}
}
