TN:
SF:controller/adminPostController.js
FN:10,(anonymous_0)
FN:18,(anonymous_1)
FN:25,(anonymous_2)
FN:49,(anonymous_3)
FN:73,(anonymous_4)
FN:91,(anonymous_5)
FN:112,(anonymous_6)
FN:130,(anonymous_7)
FN:145,(anonymous_8)
FN:157,(anonymous_9)
FN:187,(anonymous_10)
FN:228,(anonymous_11)
FN:241,(anonymous_12)
FN:278,(anonymous_13)
FNF:14
FNH:0
FNDA:0,(anonymous_0)
FNDA:0,(anonymous_1)
FNDA:0,(anonymous_2)
FNDA:0,(anonymous_3)
FNDA:0,(anonymous_4)
FNDA:0,(anonymous_5)
FNDA:0,(anonymous_6)
FNDA:0,(anonymous_7)
FNDA:0,(anonymous_8)
FNDA:0,(anonymous_9)
FNDA:0,(anonymous_10)
FNDA:0,(anonymous_11)
FNDA:0,(anonymous_12)
FNDA:0,(anonymous_13)
DA:1,1
DA:2,1
DA:3,1
DA:4,1
DA:5,1
DA:6,1
DA:7,1
DA:8,1
DA:9,1
DA:10,1
DA:11,0
DA:18,1
DA:20,0
DA:25,1
DA:26,0
DA:28,0
DA:31,0
DA:32,0
DA:33,0
DA:34,0
DA:36,0
DA:38,0
DA:39,0
DA:41,0
DA:44,0
DA:49,1
DA:50,0
DA:51,0
DA:52,0
DA:56,0
DA:57,0
DA:59,0
DA:61,0
DA:62,0
DA:65,0
DA:68,0
DA:70,0
DA:73,1
DA:74,0
DA:76,0
DA:80,0
DA:86,0
DA:88,0
DA:91,1
DA:92,0
DA:93,0
DA:107,0
DA:109,0
DA:112,1
DA:113,0
DA:114,0
DA:115,0
DA:117,0
DA:118,0
DA:121,0
DA:123,0
DA:125,0
DA:130,1
DA:131,0
DA:132,0
DA:133,0
DA:135,0
DA:136,0
DA:137,0
DA:140,0
DA:142,0
DA:145,1
DA:146,0
DA:147,0
DA:148,0
DA:149,0
DA:150,0
DA:152,0
DA:157,1
DA:158,0
DA:159,0
DA:160,0
DA:161,0
DA:163,0
DA:164,0
DA:166,0
DA:177,0
DA:179,0
DA:187,1
DA:188,0
DA:189,0
DA:190,0
DA:191,0
DA:193,0
DA:195,0
DA:196,0
DA:197,0
DA:198,0
DA:199,0
DA:201,0
DA:202,0
DA:205,0
DA:206,0
DA:211,0
DA:216,0
DA:217,0
DA:228,1
DA:229,0
DA:231,0
DA:233,0
DA:235,0
DA:236,0
DA:238,0
DA:241,1
DA:242,0
DA:243,0
DA:244,0
DA:245,0
DA:246,0
DA:247,0
DA:262,0
DA:264,0
DA:271,0
DA:278,1
DA:279,0
DA:281,0
DA:282,0
DA:283,0
DA:333,0
DA:339,0
LF:125
LH:23
BRDA:10,0,0,0
BRDA:18,1,0,0
BRDA:51,2,0,0
BRDA:51,2,1,0
BRDA:61,3,0,0
BRDA:61,3,1,0
BRDA:117,4,0,0
BRDA:117,4,1,0
BRDA:163,5,0,0
BRDA:163,5,1,0
BRDA:196,6,0,0
BRDA:196,6,1,0
BRDA:198,7,0,0
BRDA:198,7,1,0
BRF:14
BRH:0
end_of_record
TN:
SF:controller/userController.js
FN:17,(anonymous_0)
FN:57,(anonymous_1)
FN:95,(anonymous_2)
FN:141,(anonymous_3)
FN:164,(anonymous_4)
FN:182,(anonymous_5)
FN:199,(anonymous_6)
FN:226,(anonymous_7)
FN:239,(anonymous_8)
FN:262,(anonymous_9)
FN:297,(anonymous_10)
FN:310,(anonymous_11)
FNF:12
FNH:0
FNDA:0,(anonymous_0)
FNDA:0,(anonymous_1)
FNDA:0,(anonymous_2)
FNDA:0,(anonymous_3)
FNDA:0,(anonymous_4)
FNDA:0,(anonymous_5)
FNDA:0,(anonymous_6)
FNDA:0,(anonymous_7)
FNDA:0,(anonymous_8)
FNDA:0,(anonymous_9)
FNDA:0,(anonymous_10)
FNDA:0,(anonymous_11)
DA:1,1
DA:2,1
DA:3,1
DA:4,1
DA:5,1
DA:6,1
DA:7,1
DA:8,1
DA:9,1
DA:10,1
DA:11,1
DA:12,1
DA:13,1
DA:14,1
DA:17,1
DA:18,0
DA:19,0
DA:20,0
DA:21,0
DA:23,0
DA:24,0
DA:25,0
DA:26,0
DA:29,0
DA:30,0
DA:31,0
DA:32,0
DA:34,0
DA:35,0
DA:38,0
DA:43,0
DA:48,0
DA:57,1
DA:58,0
DA:61,0
DA:63,0
DA:64,0
DA:65,0
DA:66,0
DA:67,0
DA:71,0
DA:72,0
DA:74,0
DA:75,0
DA:83,0
DA:88,0
DA:95,1
DA:96,0
DA:98,0
DA:99,0
DA:102,0
DA:103,0
DA:104,0
DA:107,0
DA:108,0
DA:110,0
DA:115,0
DA:121,0
DA:123,0
DA:129,0
DA:130,0
DA:141,1
DA:142,0
DA:143,0
DA:144,0
DA:146,0
DA:149,0
DA:157,0
DA:164,1
DA:165,0
DA:166,0
DA:167,0
DA:169,0
DA:175,0
DA:182,1
DA:183,0
DA:185,0
DA:186,0
DA:187,0
DA:193,0
DA:199,1
DA:200,0
DA:202,0
DA:203,0
DA:205,0
DA:206,0
DA:207,0
DA:208,0
DA:209,0
DA:212,0
DA:213,0
DA:214,0
DA:220,0
DA:226,1
DA:227,0
DA:228,0
DA:229,0
DA:233,0
DA:239,1
DA:240,0
DA:242,0
DA:243,0
DA:245,0
DA:246,0
DA:248,0
DA:249,0
DA:250,0
DA:251,0
DA:254,0
DA:260,1
DA:262,1
DA:263,0
DA:265,0
DA:266,0
DA:269,0
DA:270,0
DA:271,0
DA:272,0
DA:275,0
DA:280,0
DA:284,0
DA:289,0
DA:297,1
DA:298,0
DA:299,0
DA:300,0
DA:304,0
DA:310,1
DA:311,0
DA:312,0
DA:314,0
DA:315,0
DA:317,0
DA:318,0
DA:323,0
DA:327,0
LF:136
LH:27
BRDA:23,0,0,0
BRDA:23,0,1,0
BRDA:25,1,0,0
BRDA:25,1,1,0
BRDA:34,2,0,0
BRDA:34,2,1,0
BRDA:66,3,0,0
BRDA:66,3,1,0
BRDA:71,4,0,0
BRDA:71,4,1,0
BRDA:98,5,0,0
BRDA:98,5,1,0
BRDA:103,6,0,0
BRDA:103,6,1,0
BRDA:107,7,0,0
BRDA:107,7,1,0
BRDA:143,8,0,0
BRDA:143,8,1,0
BRDA:185,9,0,0
BRDA:185,9,1,0
BRDA:202,10,0,0
BRDA:202,10,1,0
BRDA:208,11,0,0
BRDA:208,11,1,0
BRDA:242,12,0,0
BRDA:242,12,1,0
BRDA:245,13,0,0
BRDA:245,13,1,0
BRDA:269,14,0,0
BRDA:269,14,1,0
BRDA:269,15,0,0
BRDA:269,15,1,0
BRDA:314,16,0,0
BRDA:314,16,1,0
BRF:34
BRH:0
end_of_record
TN:
SF:model/adminModel.js
FNF:0
FNH:0
DA:1,2
DA:2,2
DA:3,2
DA:63,2
DA:64,2
LF:5
LH:5
BRF:0
BRH:0
end_of_record
TN:
SF:model/adminPostModel.js
FNF:0
FNH:0
DA:1,1
DA:2,1
DA:3,1
DA:56,1
DA:57,1
DA:58,1
LF:6
LH:6
BRF:0
BRH:0
end_of_record
TN:
SF:model/appliedModel.js
FNF:0
FNH:0
DA:1,1
DA:2,1
DA:3,1
DA:56,1
DA:57,1
DA:58,1
LF:6
LH:6
BRF:0
BRH:0
end_of_record
TN:
SF:model/feedbackModel.js
FNF:0
FNH:0
DA:1,1
DA:2,1
DA:13,1
DA:14,1
LF:4
LH:4
BRF:0
BRH:0
end_of_record
TN:
SF:model/profileModel.js
FNF:0
FNH:0
DA:1,1
DA:2,1
DA:3,1
DA:55,1
DA:56,1
LF:5
LH:5
BRF:0
BRH:0
end_of_record
TN:
SF:model/subscriberModel.js
FNF:0
FNH:0
DA:1,1
DA:2,1
DA:3,1
DA:14,1
DA:15,1
LF:5
LH:5
BRF:0
BRH:0
end_of_record
TN:
SF:model/userModel.js
FNF:0
FNH:0
DA:1,2
DA:2,2
DA:3,2
DA:72,2
DA:73,2
DA:74,2
LF:6
LH:6
BRF:0
BRH:0
end_of_record
TN:
SF:utils/mailing.js
FN:3,(anonymous_0)
FN:76,(anonymous_1)
FNF:2
FNH:0
FNDA:0,(anonymous_0)
FNDA:0,(anonymous_1)
DA:1,2
DA:3,2
DA:4,0
DA:13,0
DA:76,0
DA:77,0
DA:78,0
DA:80,0
DA:84,2
LF:9
LH:3
BRDA:77,0,0,0
BRDA:77,0,1,0
BRF:2
BRH:0
end_of_record
TN:
SF:utils/redisConnect.js
FNF:0
FNH:0
LF:0
LH:0
BRF:0
BRH:0
end_of_record
TN:
SF:utils/sendTokenCookies.js
FN:3,(anonymous_0)
FN:8,(anonymous_1)
FNF:2
FNH:0
FNDA:0,(anonymous_0)
FNDA:0,(anonymous_1)
DA:1,1
DA:3,1
DA:4,0
DA:8,1
DA:11,0
DA:12,0
DA:18,0
DA:19,0
DA:20,0
DA:23,0
DA:34,1
LF:11
LH:4
BRDA:8,0,0,0
BRDA:11,1,0,0
BRDA:11,1,1,0
BRDA:19,2,0,0
BRDA:19,2,1,0
BRF:5
BRH:0
end_of_record
