TN:
SF:app.js
FN:34,(anonymous_0)
FN:41,(anonymous_1)
FNF:2
FNH:0
FNDA:0,(anonymous_0)
FNDA:0,(anonymous_1)
DA:1,1
DA:2,1
DA:3,1
DA:4,1
DA:5,1
DA:6,1
DA:7,1
DA:8,1
DA:9,1
DA:10,1
DA:11,1
DA:12,1
DA:14,1
DA:21,1
DA:27,1
DA:33,1
DA:34,1
DA:35,0
DA:37,1
DA:38,1
DA:39,1
DA:41,1
DA:42,0
DA:45,1
LF:24
LH:22
BRF:0
BRH:0
end_of_record
TN:
SF:controller/adminController.js
FN:16,(anonymous_0)
FN:61,(anonymous_1)
FN:99,(anonymous_2)
FN:152,(anonymous_3)
FN:182,(anonymous_4)
FN:200,(anonymous_5)
FN:239,(anonymous_6)
FN:258,(anonymous_7)
FNF:8
FNH:0
FNDA:0,(anonymous_0)
FNDA:0,(anonymous_1)
FNDA:0,(anonymous_2)
FNDA:0,(anonymous_3)
FNDA:0,(anonymous_4)
FNDA:0,(anonymous_5)
FNDA:0,(anonymous_6)
FNDA:0,(anonymous_7)
DA:1,1
DA:2,1
DA:3,1
DA:4,1
DA:5,1
DA:6,1
DA:7,1
DA:8,1
DA:9,1
DA:10,1
DA:11,1
DA:16,1
DA:17,0
DA:18,0
DA:20,0
DA:21,0
DA:22,0
DA:23,0
DA:24,0
DA:27,0
DA:28,0
DA:32,0
DA:33,0
DA:35,0
DA:36,0
DA:40,0
DA:47,0
DA:52,0
DA:53,0
DA:61,1
DA:62,0
DA:64,0
DA:65,0
DA:66,0
DA:67,0
DA:68,0
DA:70,0
DA:71,0
DA:73,0
DA:74,0
DA:75,0
DA:78,0
DA:86,0
DA:92,0
DA:99,1
DA:100,0
DA:101,0
DA:102,0
DA:104,0
DA:110,0
DA:111,0
DA:114,0
DA:116,0
DA:117,0
DA:118,0
DA:119,0
DA:120,0
DA:123,0
DA:128,0
DA:134,0
DA:136,0
DA:143,0
DA:144,0
DA:152,1
DA:153,0
DA:155,0
DA:156,0
DA:160,0
DA:169,0
DA:175,0
DA:182,1
DA:183,0
DA:185,0
DA:186,0
DA:187,0
DA:193,0
DA:199,1
DA:200,1
DA:201,0
DA:202,0
DA:203,0
DA:204,0
DA:205,0
DA:206,0
DA:208,0
DA:209,0
DA:211,0
DA:212,0
DA:213,0
DA:216,0
DA:219,0
DA:220,0
DA:225,0
DA:227,0
DA:233,0
DA:239,1
DA:240,0
DA:241,0
DA:243,0
DA:245,0
DA:250,0
DA:258,1
DA:259,0
DA:261,0
DA:262,0
DA:263,0
DA:267,0
DA:268,0
DA:270,0
DA:272,0
DA:274,0
DA:276,0
DA:279,0
LF:113
LH:20
BRDA:21,0,0,0
BRDA:21,0,1,0
BRDA:23,1,0,0
BRDA:23,1,1,0
BRDA:35,2,0,0
BRDA:35,2,1,0
BRDA:70,3,0,0
BRDA:70,3,1,0
BRDA:74,4,0,0
BRDA:74,4,1,0
BRDA:101,5,0,0
BRDA:101,5,1,0
BRDA:110,6,0,0
BRDA:110,6,1,0
BRDA:114,7,0,0
BRDA:114,7,1,0
BRDA:155,8,0,0
BRDA:155,8,1,0
BRDA:185,9,0,0
BRDA:185,9,1,0
BRDA:205,10,0,0
BRDA:205,10,1,0
BRDA:208,11,0,0
BRDA:208,11,1,0
BRDA:209,12,0,0
BRDA:209,12,1,0
BRDA:219,13,0,0
BRDA:219,13,1,0
BRDA:219,14,0,0
BRDA:219,14,1,0
BRDA:219,14,2,0
BRDA:219,14,3,0
BRDA:262,15,0,0
BRDA:262,15,1,0
BRDA:267,16,0,0
BRDA:267,16,1,0
BRF:36
BRH:0
end_of_record
TN:
SF:controller/adminPostController.js
FN:10,(anonymous_0)
FN:18,(anonymous_1)
FN:25,(anonymous_2)
FN:49,(anonymous_3)
FN:73,(anonymous_4)
FN:91,(anonymous_5)
FN:112,(anonymous_6)
FN:130,(anonymous_7)
FN:145,(anonymous_8)
FN:157,(anonymous_9)
FN:187,(anonymous_10)
FN:228,(anonymous_11)
FN:241,(anonymous_12)
FN:278,(anonymous_13)
FNF:14
FNH:0
FNDA:0,(anonymous_0)
FNDA:0,(anonymous_1)
FNDA:0,(anonymous_2)
FNDA:0,(anonymous_3)
FNDA:0,(anonymous_4)
FNDA:0,(anonymous_5)
FNDA:0,(anonymous_6)
FNDA:0,(anonymous_7)
FNDA:0,(anonymous_8)
FNDA:0,(anonymous_9)
FNDA:0,(anonymous_10)
FNDA:0,(anonymous_11)
FNDA:0,(anonymous_12)
FNDA:0,(anonymous_13)
DA:1,2
DA:2,2
DA:3,2
DA:4,2
DA:5,2
DA:6,2
DA:7,2
DA:8,2
DA:9,2
DA:10,2
DA:11,0
DA:18,2
DA:20,0
DA:25,2
DA:26,0
DA:28,0
DA:31,0
DA:32,0
DA:33,0
DA:34,0
DA:36,0
DA:38,0
DA:39,0
DA:41,0
DA:44,0
DA:49,2
DA:50,0
DA:51,0
DA:52,0
DA:56,0
DA:57,0
DA:59,0
DA:61,0
DA:62,0
DA:65,0
DA:68,0
DA:70,0
DA:73,2
DA:74,0
DA:76,0
DA:80,0
DA:86,0
DA:88,0
DA:91,2
DA:92,0
DA:93,0
DA:107,0
DA:109,0
DA:112,2
DA:113,0
DA:114,0
DA:115,0
DA:117,0
DA:118,0
DA:121,0
DA:123,0
DA:125,0
DA:130,2
DA:131,0
DA:132,0
DA:133,0
DA:135,0
DA:136,0
DA:137,0
DA:140,0
DA:142,0
DA:145,2
DA:146,0
DA:147,0
DA:148,0
DA:149,0
DA:150,0
DA:152,0
DA:157,2
DA:158,0
DA:159,0
DA:160,0
DA:161,0
DA:163,0
DA:164,0
DA:166,0
DA:177,0
DA:179,0
DA:187,2
DA:188,0
DA:189,0
DA:190,0
DA:191,0
DA:193,0
DA:195,0
DA:196,0
DA:197,0
DA:198,0
DA:199,0
DA:201,0
DA:202,0
DA:205,0
DA:206,0
DA:211,0
DA:216,0
DA:217,0
DA:228,2
DA:229,0
DA:231,0
DA:233,0
DA:235,0
DA:236,0
DA:238,0
DA:241,2
DA:242,0
DA:243,0
DA:244,0
DA:245,0
DA:246,0
DA:247,0
DA:262,0
DA:264,0
DA:271,0
DA:278,2
DA:279,0
DA:281,0
DA:282,0
DA:283,0
DA:333,0
DA:339,0
LF:125
LH:23
BRDA:10,0,0,0
BRDA:18,1,0,0
BRDA:51,2,0,0
BRDA:51,2,1,0
BRDA:61,3,0,0
BRDA:61,3,1,0
BRDA:117,4,0,0
BRDA:117,4,1,0
BRDA:163,5,0,0
BRDA:163,5,1,0
BRDA:196,6,0,0
BRDA:196,6,1,0
BRDA:198,7,0,0
BRDA:198,7,1,0
BRF:14
BRH:0
end_of_record
TN:
SF:controller/appliedController.js
FN:7,(anonymous_0)
FN:53,(anonymous_1)
FN:82,(anonymous_2)
FNF:3
FNH:1
FNDA:0,(anonymous_0)
FNDA:0,(anonymous_1)
FNDA:1,(anonymous_2)
DA:1,1
DA:2,1
DA:3,1
DA:4,1
DA:5,1
DA:6,1
DA:7,1
DA:8,0
DA:9,0
DA:10,0
DA:11,0
DA:12,0
DA:13,0
DA:15,0
DA:17,0
DA:18,0
DA:21,0
DA:22,0
DA:24,0
DA:26,0
DA:28,0
DA:29,0
DA:31,0
DA:41,0
DA:47,0
DA:53,1
DA:54,0
DA:55,0
DA:56,0
DA:57,0
DA:60,0
DA:61,0
DA:67,0
DA:82,1
DA:83,1
DA:88,1
DA:89,1
DA:90,0
DA:92,1
DA:94,1
DA:98,1
DA:99,0
DA:101,1
DA:120,1
DA:121,1
DA:123,1
DA:125,1
DA:126,1
DA:131,1
DA:133,1
DA:135,0
DA:144,0
DA:153,1
DA:159,0
LF:54
LH:24
BRDA:12,0,0,0
BRDA:12,0,1,0
BRDA:21,1,0,0
BRDA:21,1,1,0
BRDA:56,2,0,0
BRDA:56,2,1,0
BRDA:60,3,0,0
BRDA:60,3,1,0
BRDA:89,4,0,0
BRDA:89,4,1,1
BRDA:98,5,0,0
BRDA:98,5,1,1
BRDA:133,6,0,0
BRDA:133,6,1,1
BRF:14
BRH:3
end_of_record
TN:
SF:controller/experienceController.js
FN:4,(anonymous_0)
FNF:1
FNH:0
FNDA:0,(anonymous_0)
DA:1,1
DA:2,1
DA:4,1
DA:5,0
DA:6,0
DA:8,0
DA:9,0
DA:10,0
DA:11,0
DA:12,0
DA:15,0
DA:21,0
LF:12
LH:3
BRF:0
BRH:0
end_of_record
TN:
SF:controller/profileController.js
FN:12,(anonymous_0)
FN:64,(anonymous_1)
FNF:2
FNH:0
FNDA:0,(anonymous_0)
FNDA:0,(anonymous_1)
DA:1,1
DA:2,1
DA:3,1
DA:4,1
DA:6,1
DA:7,1
DA:10,1
DA:12,1
DA:13,0
DA:19,0
DA:31,0
DA:32,0
DA:34,0
DA:36,0
DA:41,0
DA:43,0
DA:44,0
DA:45,0
DA:47,0
DA:48,0
DA:50,0
DA:55,0
DA:64,1
DA:65,0
DA:67,0
DA:69,0
DA:73,0
DA:74,0
DA:75,0
DA:76,0
DA:79,0
DA:80,0
DA:85,0
DA:91,0
DA:96,0
LF:35
LH:9
BRDA:31,0,0,0
BRDA:31,0,1,0
BRDA:36,1,0,0
BRDA:36,1,1,0
BRDA:36,2,0,0
BRDA:36,2,1,0
BRDA:36,3,0,0
BRDA:36,3,1,0
BRDA:36,4,0,0
BRDA:36,4,1,0
BRDA:37,5,0,0
BRDA:37,5,1,0
BRDA:37,6,0,0
BRDA:37,6,1,0
BRDA:37,7,0,0
BRDA:37,7,1,0
BRDA:37,8,0,0
BRDA:37,8,1,0
BRDA:37,9,0,0
BRDA:37,9,1,0
BRDA:38,10,0,0
BRDA:38,10,1,0
BRDA:38,11,0,0
BRDA:38,11,1,0
BRDA:38,12,0,0
BRDA:38,12,1,0
BRDA:73,13,0,0
BRDA:73,13,1,0
BRDA:73,14,0,0
BRDA:73,14,1,0
BRF:30
BRH:0
end_of_record
TN:
SF:controller/userController.js
FN:17,(anonymous_0)
FN:61,(anonymous_1)
FN:98,(anonymous_2)
FN:145,(anonymous_3)
FN:170,(anonymous_4)
FN:188,(anonymous_5)
FN:205,(anonymous_6)
FN:232,(anonymous_7)
FN:245,(anonymous_8)
FN:270,(anonymous_9)
FN:305,(anonymous_10)
FN:318,(anonymous_11)
FNF:12
FNH:8
FNDA:1,(anonymous_0)
FNDA:1,(anonymous_1)
FNDA:2,(anonymous_2)
FNDA:1,(anonymous_3)
FNDA:0,(anonymous_4)
FNDA:1,(anonymous_5)
FNDA:1,(anonymous_6)
FNDA:1,(anonymous_7)
FNDA:6,(anonymous_8)
FNDA:0,(anonymous_9)
FNDA:0,(anonymous_10)
FNDA:0,(anonymous_11)
DA:1,2
DA:2,2
DA:3,2
DA:4,2
DA:5,2
DA:6,2
DA:7,2
DA:8,2
DA:9,2
DA:10,2
DA:11,2
DA:12,2
DA:13,2
DA:14,2
DA:17,2
DA:18,1
DA:19,1
DA:20,1
DA:21,1
DA:23,1
DA:24,0
DA:25,1
DA:26,0
DA:29,1
DA:30,1
DA:31,1
DA:32,1
DA:34,1
DA:35,1
DA:38,1
DA:39,0
DA:47,1
DA:52,0
DA:61,2
DA:62,1
DA:65,1
DA:68,1
DA:69,1
DA:71,1
DA:72,0
DA:74,1
DA:75,1
DA:76,1
DA:78,0
DA:86,1
DA:91,0
DA:98,2
DA:99,2
DA:101,2
DA:102,0
DA:105,2
DA:106,2
DA:107,0
DA:111,2
DA:112,1
DA:114,1
DA:118,2
DA:119,0
DA:126,2
DA:128,2
DA:134,0
DA:145,2
DA:146,1
DA:147,1
DA:148,1
DA:149,0
DA:151,1
DA:152,1
DA:155,1
DA:163,0
DA:170,2
DA:171,0
DA:172,0
DA:173,0
DA:175,0
DA:181,0
DA:188,2
DA:189,1
DA:191,1
DA:192,1
DA:193,1
DA:199,0
DA:205,2
DA:206,1
DA:208,1
DA:209,1
DA:211,1
DA:212,1
DA:213,1
DA:214,0
DA:215,0
DA:218,1
DA:219,1
DA:220,1
DA:226,0
DA:232,2
DA:233,1
DA:234,1
DA:235,1
DA:239,0
DA:245,2
DA:246,6
DA:248,6
DA:249,5
DA:251,6
DA:252,1
DA:254,5
DA:255,5
DA:256,5
DA:257,5
DA:260,1
DA:268,2
DA:270,2
DA:271,0
DA:273,0
DA:274,0
DA:277,0
DA:278,0
DA:279,0
DA:280,0
DA:283,0
DA:288,0
DA:292,0
DA:297,0
DA:305,2
DA:306,0
DA:307,0
DA:308,0
DA:312,0
DA:318,2
DA:319,0
DA:320,0
DA:322,0
DA:323,0
DA:325,0
DA:326,0
DA:331,0
DA:335,0
LF:138
LH:92
BRDA:23,0,0,0
BRDA:23,0,1,1
BRDA:25,1,0,0
BRDA:25,1,1,1
BRDA:34,2,0,1
BRDA:34,2,1,0
BRDA:38,3,0,0
BRDA:38,3,1,1
BRDA:71,4,0,0
BRDA:71,4,1,1
BRDA:75,5,0,1
BRDA:75,5,1,0
BRDA:101,6,0,0
BRDA:101,6,1,2
BRDA:106,7,0,0
BRDA:106,7,1,2
BRDA:111,8,0,1
BRDA:111,8,1,1
BRDA:118,9,0,0
BRDA:118,9,1,2
BRDA:148,10,0,0
BRDA:148,10,1,1
BRDA:191,11,0,0
BRDA:191,11,1,1
BRDA:208,12,0,0
BRDA:208,12,1,1
BRDA:214,13,0,0
BRDA:214,13,1,0
BRDA:248,14,0,5
BRDA:248,14,1,1
BRDA:251,15,0,1
BRDA:251,15,1,5
BRDA:277,16,0,0
BRDA:277,16,1,0
BRDA:277,17,0,0
BRDA:277,17,1,0
BRDA:322,18,0,0
BRDA:322,18,1,0
BRF:38
BRH:18
end_of_record
TN:
SF:model/adminModel.js
FNF:0
FNH:0
DA:1,3
DA:2,3
DA:3,3
DA:63,3
DA:64,3
LF:5
LH:5
BRF:0
BRH:0
end_of_record
TN:
SF:model/adminPostModel.js
FNF:0
FNH:0
DA:1,2
DA:2,2
DA:3,2
DA:56,2
DA:57,2
DA:58,2
LF:6
LH:6
BRF:0
BRH:0
end_of_record
TN:
SF:model/appliedModel.js
FNF:0
FNH:0
DA:1,2
DA:2,2
DA:3,2
DA:56,2
DA:57,2
DA:58,2
LF:6
LH:6
BRF:0
BRH:0
end_of_record
TN:
SF:model/feedbackModel.js
FNF:0
FNH:0
DA:1,2
DA:2,2
DA:13,2
DA:14,2
LF:4
LH:4
BRF:0
BRH:0
end_of_record
TN:
SF:model/jobDetailModel.js
FNF:0
FNH:0
DA:1,1
DA:2,1
DA:3,1
DA:35,1
DA:36,1
LF:5
LH:5
BRF:0
BRH:0
end_of_record
TN:
SF:model/profileModel.js
FNF:0
FNH:0
DA:1,2
DA:2,2
DA:3,2
DA:55,2
DA:56,2
LF:5
LH:5
BRF:0
BRH:0
end_of_record
TN:
SF:model/subscriberModel.js
FNF:0
FNH:0
DA:1,2
DA:2,2
DA:3,2
DA:14,2
DA:15,2
LF:5
LH:5
BRF:0
BRH:0
end_of_record
TN:
SF:model/userModel.js
FNF:0
FNH:0
DA:1,3
DA:2,3
DA:3,3
DA:72,3
DA:73,3
DA:74,3
LF:6
LH:6
BRF:0
BRH:0
end_of_record
TN:
SF:router/adminPostRouter.js
FNF:0
FNH:0
DA:1,1
DA:2,1
DA:3,1
DA:4,1
DA:7,1
DA:8,1
DA:9,1
DA:10,1
DA:11,1
DA:13,1
DA:14,1
DA:15,1
DA:20,1
DA:21,1
DA:22,1
DA:23,1
DA:24,1
DA:26,1
LF:18
LH:18
BRF:0
BRH:0
end_of_record
TN:
SF:router/adminRouter.js
FNF:0
FNH:0
DA:1,1
DA:2,1
DA:4,1
DA:5,1
DA:8,1
DA:9,1
DA:10,1
DA:11,1
DA:12,1
DA:13,1
DA:14,1
DA:15,1
DA:16,1
DA:17,1
LF:14
LH:14
BRF:0
BRH:0
end_of_record
TN:
SF:router/jobDetailRouter.js
FNF:0
FNH:0
DA:1,1
DA:2,1
DA:3,1
DA:4,1
DA:5,1
DA:6,1
DA:9,1
DA:10,1
DA:11,1
DA:12,1
DA:13,1
DA:15,1
DA:16,1
DA:18,1
DA:21,1
DA:22,1
DA:26,1
DA:27,1
DA:28,1
DA:32,1
DA:35,1
DA:36,1
DA:39,1
DA:41,1
LF:24
LH:24
BRF:0
BRH:0
end_of_record
TN:
SF:utils/mailing.js
FN:3,(anonymous_0)
FN:76,(anonymous_1)
FNF:2
FNH:0
FNDA:0,(anonymous_0)
FNDA:0,(anonymous_1)
DA:1,3
DA:3,3
DA:4,0
DA:13,0
DA:76,0
DA:77,0
DA:78,0
DA:80,0
DA:84,3
LF:9
LH:3
BRDA:77,0,0,0
BRDA:77,0,1,0
BRF:2
BRH:0
end_of_record
TN:
SF:utils/redisConnect.js
FNF:0
FNH:0
LF:0
LH:0
BRF:0
BRH:0
end_of_record
TN:
SF:utils/sendTokenCookies.js
FN:3,(anonymous_0)
FN:8,(anonymous_1)
FNF:2
FNH:2
FNDA:2,(anonymous_0)
FNDA:2,(anonymous_1)
DA:1,2
DA:3,2
DA:4,2
DA:8,2
DA:11,2
DA:12,2
DA:18,2
DA:19,2
DA:20,0
DA:23,2
DA:34,2
LF:11
LH:10
BRDA:8,0,0,0
BRDA:11,1,0,0
BRDA:11,1,1,2
BRDA:19,2,0,0
BRDA:19,2,1,2
BRF:5
BRH:2
end_of_record
